INFO Epoch: 0
INFO         the 0th batch, loss is: 4.77557516   
INFO         the 1th batch, loss is: 4.58644819   
INFO         the 2th batch, loss is: 4.68032742   
INFO         the 3th batch, loss is: 4.69224262   
INFO         the 4th batch, loss is: 4.59406328   
INFO         the 5th batch, loss is: 4.64659119   
INFO         the 6th batch, loss is: 4.67035151   
INFO         the 7th batch, loss is: 4.66407776   
INFO         the 8th batch, loss is: 4.5792675    
INFO         the 9th batch, loss is: 4.66511631   
INFO        the 10th batch, loss is: 4.76736927   
INFO        the 11th batch, loss is: 4.66590214   
INFO        the 12th batch, loss is: 4.6890893    
INFO        the 13th batch, loss is: 4.6475234    
INFO        the 14th batch, loss is: 4.75469637   
INFO        the 15th batch, loss is: 4.70462465   
INFO        the 16th batch, loss is: 4.61629391   
INFO        the 17th batch, loss is: 4.66509676   
INFO        the 18th batch, loss is: 4.82210541   
INFO        the 19th batch, loss is: 4.5988121    
INFO        the 20th batch, loss is: 4.76563406   
INFO        the 21th batch, loss is: 4.61382866   
INFO        the 22th batch, loss is: 4.72403145   
INFO        the 23th batch, loss is: 4.61575317   
INFO        the 24th batch, loss is: 4.70328569   
INFO        the 25th batch, loss is: 4.70399284   
INFO        the 26th batch, loss is: 4.65313625   
INFO        the 27th batch, loss is: 4.75212812   
INFO        the 28th batch, loss is: 4.65758133   
INFO        the 29th batch, loss is: 4.64114761   
INFO        the 30th batch, loss is: 4.65617895   
INFO        the 31th batch, loss is: 4.77252483   
INFO Val  Accuracy :0.025
INFO Test Accuracy :0.022
INFO Epoch: 1
INFO        the 32th batch, loss is: 4.60857916   
INFO        the 33th batch, loss is: 4.50578976   
INFO        the 34th batch, loss is: 4.54637766   
INFO        the 35th batch, loss is: 4.6127739    
INFO        the 36th batch, loss is: 4.52278233   
INFO        the 37th batch, loss is: 4.62194681   
INFO        the 38th batch, loss is: 4.58349276   
INFO        the 39th batch, loss is: 4.52925777   
INFO        the 40th batch, loss is: 4.65022135   
INFO        the 41th batch, loss is: 4.56029081   
INFO        the 42th batch, loss is: 4.54042149   
INFO        the 43th batch, loss is: 4.50165749   
INFO        the 44th batch, loss is: 4.59257603   
INFO        the 45th batch, loss is: 4.66976738   
INFO        the 46th batch, loss is: 4.45768929   
INFO        the 47th batch, loss is: 4.61400127   
INFO        the 48th batch, loss is: 4.57257271   
INFO        the 49th batch, loss is: 4.65475273   
INFO        the 50th batch, loss is: 4.46368647   
INFO        the 51th batch, loss is: 4.62001085   
INFO        the 52th batch, loss is: 4.5619626    
INFO        the 53th batch, loss is: 4.46418953   
INFO        the 54th batch, loss is: 4.476511     
INFO        the 55th batch, loss is: 4.54600382   
INFO        the 56th batch, loss is: 4.61421633   
INFO        the 57th batch, loss is: 4.57586098   
INFO        the 58th batch, loss is: 4.52054119   
INFO        the 59th batch, loss is: 4.42268276   
INFO        the 60th batch, loss is: 4.63237143   
INFO        the 61th batch, loss is: 4.55056143   
INFO        the 62th batch, loss is: 4.48871374   
INFO        the 63th batch, loss is: 4.37304163   
INFO Val  Accuracy :0.136
INFO Test Accuracy :0.132
INFO Epoch: 2
INFO        the 64th batch, loss is: 4.36317778   
INFO        the 65th batch, loss is: 4.41463995   
INFO        the 66th batch, loss is: 4.42419815   
INFO        the 67th batch, loss is: 4.37538433   
INFO        the 68th batch, loss is: 4.41821718   
INFO        the 69th batch, loss is: 4.4184556    
INFO        the 70th batch, loss is: 4.34816122   
INFO        the 71th batch, loss is: 4.40978336   
INFO        the 72th batch, loss is: 4.22954416   
INFO        the 73th batch, loss is: 4.545856     
INFO        the 74th batch, loss is: 4.44780827   
INFO        the 75th batch, loss is: 4.2144618    
INFO        the 76th batch, loss is: 4.50678682   
INFO        the 77th batch, loss is: 4.42474031   
INFO        the 78th batch, loss is: 4.37650299   
INFO        the 79th batch, loss is: 4.26072693   
INFO        the 80th batch, loss is: 4.28898954   
INFO        the 81th batch, loss is: 4.25052214   
INFO        the 82th batch, loss is: 4.30790854   
INFO        the 83th batch, loss is: 4.15670681   
INFO        the 84th batch, loss is: 4.47864914   
INFO        the 85th batch, loss is: 4.18086576   
INFO        the 86th batch, loss is: 4.44999981   
INFO        the 87th batch, loss is: 4.44433689   
INFO        the 88th batch, loss is: 4.2884264    
INFO        the 89th batch, loss is: 4.23553467   
INFO        the 90th batch, loss is: 4.33586168   
INFO        the 91th batch, loss is: 4.30484819   
INFO        the 92th batch, loss is: 4.32111406   
INFO        the 93th batch, loss is: 4.44243908   
INFO        the 94th batch, loss is: 4.3550148    
INFO        the 95th batch, loss is: 4.46501446   
INFO Val  Accuracy :0.22
INFO Test Accuracy :0.2
INFO Epoch: 3
INFO        the 96th batch, loss is: 4.29493237   
INFO        the 97th batch, loss is: 4.09892321   
INFO        the 98th batch, loss is: 4.26677799   
INFO        the 99th batch, loss is: 4.22486353   
INFO       the 100th batch, loss is: 4.02034283   
INFO       the 101th batch, loss is: 4.12263107   
INFO       the 102th batch, loss is: 4.27180624   
INFO       the 103th batch, loss is: 4.22559452   
INFO       the 104th batch, loss is: 4.25545454   
INFO       the 105th batch, loss is: 4.08140898   
INFO       the 106th batch, loss is: 4.03270769   
INFO       the 107th batch, loss is: 4.19055796   
INFO       the 108th batch, loss is: 4.07350683   
INFO       the 109th batch, loss is: 4.31260061   
INFO       the 110th batch, loss is: 3.94876909   
INFO       the 111th batch, loss is: 4.33321047   
INFO       the 112th batch, loss is: 4.0596714    
INFO       the 113th batch, loss is: 4.13632631   
INFO       the 114th batch, loss is: 4.33320236   
INFO       the 115th batch, loss is: 4.39426804   
INFO       the 116th batch, loss is: 4.30549622   
INFO       the 117th batch, loss is: 4.21934652   
INFO       the 118th batch, loss is: 4.29176807   
INFO       the 119th batch, loss is: 4.11032438   
INFO       the 120th batch, loss is: 4.26951218   
INFO       the 121th batch, loss is: 4.22438192   
INFO       the 122th batch, loss is: 4.19352436   
INFO       the 123th batch, loss is: 3.88381004   
INFO       the 124th batch, loss is: 4.07191801   
INFO       the 125th batch, loss is: 4.15720081   
INFO       the 126th batch, loss is: 4.20467663   
INFO       the 127th batch, loss is: 4.05627155   
INFO Val  Accuracy :0.309
INFO Test Accuracy :0.288
INFO Epoch: 4
INFO       the 128th batch, loss is: 3.81858158   
INFO       the 129th batch, loss is: 3.94655895   
INFO       the 130th batch, loss is: 3.91571832   
INFO       the 131th batch, loss is: 3.98386288   
INFO       the 132th batch, loss is: 3.78177333   
INFO       the 133th batch, loss is: 3.83965015   
INFO       the 134th batch, loss is: 3.9615891    
INFO       the 135th batch, loss is: 3.83337593   
INFO       the 136th batch, loss is: 4.0234561    
INFO       the 137th batch, loss is: 3.94664168   
INFO       the 138th batch, loss is: 3.91588712   
INFO       the 139th batch, loss is: 3.93852091   
INFO       the 140th batch, loss is: 4.0760541    
INFO       the 141th batch, loss is: 3.95384574   
INFO       the 142th batch, loss is: 3.95967674   
INFO       the 143th batch, loss is: 4.27741909   
INFO       the 144th batch, loss is: 4.03952932   
INFO       the 145th batch, loss is: 4.06494856   
INFO       the 146th batch, loss is: 4.08635521   
INFO       the 147th batch, loss is: 3.92694974   
INFO       the 148th batch, loss is: 3.78716803   
INFO       the 149th batch, loss is: 4.13856649   
INFO       the 150th batch, loss is: 3.88429379   
INFO       the 151th batch, loss is: 3.84904289   
INFO       the 152th batch, loss is: 3.82076049   
INFO       the 153th batch, loss is: 3.83343434   
INFO       the 154th batch, loss is: 3.9303174    
INFO       the 155th batch, loss is: 3.872931     
INFO       the 156th batch, loss is: 4.20605326   
INFO       the 157th batch, loss is: 3.78299427   
INFO       the 158th batch, loss is: 4.11292744   
INFO       the 159th batch, loss is: 3.56384254   
INFO Val  Accuracy :0.369
INFO Test Accuracy :0.3
INFO Epoch: 5
INFO       the 160th batch, loss is: 3.90319896   
INFO       the 161th batch, loss is: 3.59083819   
INFO       the 162th batch, loss is: 3.50656629   
INFO       the 163th batch, loss is: 3.53053546   
INFO       the 164th batch, loss is: 3.6085434    
INFO       the 165th batch, loss is: 3.65245056   
INFO       the 166th batch, loss is: 3.49532008   
INFO       the 167th batch, loss is: 3.72745395   
INFO       the 168th batch, loss is: 3.46058464   
INFO       the 169th batch, loss is: 3.84535885   
INFO       the 170th batch, loss is: 3.6212225    
INFO       the 171th batch, loss is: 3.54390717   
INFO       the 172th batch, loss is: 3.63939929   
INFO       the 173th batch, loss is: 3.82147193   
INFO       the 174th batch, loss is: 3.90657997   
INFO       the 175th batch, loss is: 3.73107672   
INFO       the 176th batch, loss is: 3.54181075   
INFO       the 177th batch, loss is: 3.62225437   
INFO       the 178th batch, loss is: 3.50698876   
INFO       the 179th batch, loss is: 3.70946383   
INFO       the 180th batch, loss is: 3.58240914   
INFO       the 181th batch, loss is: 3.54966235   
INFO       the 182th batch, loss is: 3.49575806   
INFO       the 183th batch, loss is: 3.66557598   
INFO       the 184th batch, loss is: 3.66983175   
INFO       the 185th batch, loss is: 3.27477574   
INFO       the 186th batch, loss is: 3.68979573   
INFO       the 187th batch, loss is: 3.62664914   
INFO       the 188th batch, loss is: 3.68975687   
INFO       the 189th batch, loss is: 3.47667146   
INFO       the 190th batch, loss is: 3.89644885   
INFO       the 191th batch, loss is: 3.54595876   
INFO Val  Accuracy :0.391
INFO Test Accuracy :0.372
INFO Epoch: 6
INFO       the 192th batch, loss is: 3.15726113   
INFO       the 193th batch, loss is: 3.34735751   
INFO       the 194th batch, loss is: 3.54020739   
INFO       the 195th batch, loss is: 3.4780848    
INFO       the 196th batch, loss is: 3.39123368   
INFO       the 197th batch, loss is: 3.48718405   
INFO       the 198th batch, loss is: 3.70892119   
INFO       the 199th batch, loss is: 3.4657228    
INFO       the 200th batch, loss is: 3.46457338   
INFO       the 201th batch, loss is: 3.39808106   
INFO       the 202th batch, loss is: 3.68785548   
INFO       the 203th batch, loss is: 3.30562043   
INFO       the 204th batch, loss is: 2.95235276   
INFO       the 205th batch, loss is: 3.39612389   
INFO       the 206th batch, loss is: 3.41455793   
INFO       the 207th batch, loss is: 2.7721405    
INFO       the 208th batch, loss is: 3.33623195   
INFO       the 209th batch, loss is: 3.43626642   
INFO       the 210th batch, loss is: 3.33110952   
INFO       the 211th batch, loss is: 3.30063438   
INFO       the 212th batch, loss is: 3.37044263   
INFO       the 213th batch, loss is: 3.2319963    
INFO       the 214th batch, loss is: 3.38205218   
INFO       the 215th batch, loss is: 3.17739868   
INFO       the 216th batch, loss is: 2.78180671   
INFO       the 217th batch, loss is: 3.45312238   
INFO       the 218th batch, loss is: 3.57089353   
INFO       the 219th batch, loss is: 3.10155249   
INFO       the 220th batch, loss is: 3.33244944   
INFO       the 221th batch, loss is: 3.47834849   
INFO       the 222th batch, loss is: 3.08122253   
INFO       the 223th batch, loss is: 3.33963966   
INFO Val  Accuracy :0.428
INFO Test Accuracy :0.396
INFO Epoch: 7
INFO       the 224th batch, loss is: 3.07673883   
INFO       the 225th batch, loss is: 3.27541518   
INFO       the 226th batch, loss is: 3.06209493   
INFO       the 227th batch, loss is: 2.99524522   
INFO       the 228th batch, loss is: 3.03999066   
INFO       the 229th batch, loss is: 3.07022786   
INFO       the 230th batch, loss is: 2.66224051   
INFO       the 231th batch, loss is: 2.95184422   
INFO       the 232th batch, loss is: 3.05887556   
INFO       the 233th batch, loss is: 3.13212061   
INFO       the 234th batch, loss is: 2.99876332   
INFO       the 235th batch, loss is: 3.40084457   
INFO       the 236th batch, loss is: 3.10306549   
INFO       the 237th batch, loss is: 2.9474206    
INFO       the 238th batch, loss is: 2.5528903    
INFO       the 239th batch, loss is: 3.21555138   
INFO       the 240th batch, loss is: 2.53914285   
INFO       the 241th batch, loss is: 3.03997922   
INFO       the 242th batch, loss is: 3.26365018   
INFO       the 243th batch, loss is: 3.1336298    
INFO       the 244th batch, loss is: 2.89369392   
INFO       the 245th batch, loss is: 2.97527432   
INFO       the 246th batch, loss is: 3.24909401   
INFO       the 247th batch, loss is: 2.7737608    
INFO       the 248th batch, loss is: 2.71789622   
INFO       the 249th batch, loss is: 3.13804317   
INFO       the 250th batch, loss is: 2.83454275   
INFO       the 251th batch, loss is: 2.88767076   
INFO       the 252th batch, loss is: 2.7580502    
INFO       the 253th batch, loss is: 2.67102551   
INFO       the 254th batch, loss is: 3.06627488   
INFO       the 255th batch, loss is: 2.81294417   
INFO Val  Accuracy :0.446
INFO Test Accuracy :0.407
INFO Epoch: 8
INFO       the 256th batch, loss is: 2.95086193   
INFO       the 257th batch, loss is: 2.76173115   
INFO       the 258th batch, loss is: 2.97101259   
INFO       the 259th batch, loss is: 3.21151328   
INFO       the 260th batch, loss is: 3.53714228   
INFO       the 261th batch, loss is: 2.84798384   
INFO       the 262th batch, loss is: 2.79645514   
INFO       the 263th batch, loss is: 3.07800078   
INFO       the 264th batch, loss is: 2.71300483   
INFO       the 265th batch, loss is: 2.6796608    
INFO       the 266th batch, loss is: 2.38729715   
INFO       the 267th batch, loss is: 2.93826699   
INFO       the 268th batch, loss is: 2.73263168   
INFO       the 269th batch, loss is: 3.08611703   
INFO       the 270th batch, loss is: 2.86013007   
INFO       the 271th batch, loss is: 2.72879624   
INFO       the 272th batch, loss is: 2.78715014   
INFO       the 273th batch, loss is: 2.97847986   
INFO       the 274th batch, loss is: 2.68725252   
INFO       the 275th batch, loss is: 2.68031335   
INFO       the 276th batch, loss is: 2.73735476   
INFO       the 277th batch, loss is: 2.50611925   
INFO       the 278th batch, loss is: 2.86817837   
INFO       the 279th batch, loss is: 2.16421556   
INFO       the 280th batch, loss is: 2.89219904   
INFO       the 281th batch, loss is: 3.39659786   
INFO       the 282th batch, loss is: 2.62367463   
INFO       the 283th batch, loss is: 2.85659266   
INFO       the 284th batch, loss is: 2.90075541   
INFO       the 285th batch, loss is: 2.33070183   
INFO       the 286th batch, loss is: 2.55146217   
INFO       the 287th batch, loss is: 2.54712081   
INFO Val  Accuracy :0.471
INFO Test Accuracy :0.419
INFO Epoch: 9
INFO       the 288th batch, loss is: 2.58273649   
INFO       the 289th batch, loss is: 2.51331139   
INFO       the 290th batch, loss is: 2.27763891   
INFO       the 291th batch, loss is: 2.52620196   
INFO       the 292th batch, loss is: 2.92851591   
INFO       the 293th batch, loss is: 2.49770117   
INFO       the 294th batch, loss is: 2.483675     
INFO       the 295th batch, loss is: 2.40391326   
INFO       the 296th batch, loss is: 2.61222196   
INFO       the 297th batch, loss is: 3.00289774   
INFO       the 298th batch, loss is: 2.60002661   
INFO       the 299th batch, loss is: 2.3804059    
INFO       the 300th batch, loss is: 3.0064466    
INFO       the 301th batch, loss is: 2.24699283   
INFO       the 302th batch, loss is: 2.15574479   
INFO       the 303th batch, loss is: 2.86338568   
INFO       the 304th batch, loss is: 2.64729524   
INFO       the 305th batch, loss is: 2.41291976   
INFO       the 306th batch, loss is: 2.6548872    
INFO       the 307th batch, loss is: 2.54858565   
INFO       the 308th batch, loss is: 2.34897947   
INFO       the 309th batch, loss is: 2.75556946   
INFO       the 310th batch, loss is: 2.37067509   
INFO       the 311th batch, loss is: 2.81175828   
INFO       the 312th batch, loss is: 3.16016912   
INFO       the 313th batch, loss is: 2.05569744   
INFO       the 314th batch, loss is: 2.55527878   
INFO       the 315th batch, loss is: 2.90553069   
INFO       the 316th batch, loss is: 2.33458066   
INFO       the 317th batch, loss is: 2.76882935   
INFO       the 318th batch, loss is: 2.23148131   
INFO       the 319th batch, loss is: 2.28853273   
INFO Val  Accuracy :0.506
INFO Test Accuracy :0.442
INFO Finished training.
