INFO Epoch: 0
INFO         the 0th batch, loss is: 4.67163658   
INFO         the 1th batch, loss is: 5.99529123   
INFO         the 2th batch, loss is: 7.1260004    
INFO         the 3th batch, loss is: 5.86232567   
INFO         the 4th batch, loss is: 6.84714174   
INFO         the 5th batch, loss is: 6.05685616   
INFO         the 6th batch, loss is: 4.7548418    
INFO         the 7th batch, loss is: 4.82697153   
INFO         the 8th batch, loss is: 4.6999464    
INFO         the 9th batch, loss is: 4.761621     
INFO        the 10th batch, loss is: 4.41189337   
INFO        the 11th batch, loss is: 4.98466301   
INFO        the 12th batch, loss is: 4.77563429   
INFO        the 13th batch, loss is: 4.65651035   
INFO        the 14th batch, loss is: 5.23918343   
INFO        the 15th batch, loss is: 4.56408882   
INFO        the 16th batch, loss is: 4.87715197   
INFO        the 17th batch, loss is: 4.7624383    
INFO        the 18th batch, loss is: 4.95011091   
INFO        the 19th batch, loss is: 4.60497808   
INFO        the 20th batch, loss is: 4.46324348   
INFO        the 21th batch, loss is: 4.74460125   
INFO        the 22th batch, loss is: 5.37098455   
INFO        the 23th batch, loss is: 5.49897099   
INFO        the 24th batch, loss is: 4.38707113   
INFO        the 25th batch, loss is: 4.71205044   
INFO        the 26th batch, loss is: 4.86335182   
INFO        the 27th batch, loss is: 5.23109198   
INFO        the 28th batch, loss is: 4.90960646   
INFO        the 29th batch, loss is: 4.25116396   
INFO        the 30th batch, loss is: 5.69159651   
INFO        the 31th batch, loss is: 4.65700436   
INFO Val  Accuracy :0.039
INFO Test Accuracy :0.049
INFO Epoch: 1
INFO        the 32th batch, loss is: 4.68370628   
INFO        the 33th batch, loss is: 4.99040365   
INFO        the 34th batch, loss is: 5.48862839   
INFO        the 35th batch, loss is: 6.56235409   
INFO        the 36th batch, loss is: 6.11391401   
INFO        the 37th batch, loss is: 4.96402645   
INFO        the 38th batch, loss is: 6.09757853   
INFO        the 39th batch, loss is: 7.64756775   
INFO        the 40th batch, loss is: 5.37746668   
INFO        the 41th batch, loss is: 11.60852146  
INFO        the 42th batch, loss is: 10.29583263  
INFO        the 43th batch, loss is: 9.76229191   
INFO        the 44th batch, loss is: 6.64376593   
INFO        the 45th batch, loss is: 11.41587162  
INFO        the 46th batch, loss is: 19.02781677  
INFO        the 47th batch, loss is: 15.9671011   
INFO        the 48th batch, loss is: 28.12989044  
INFO        the 49th batch, loss is: 19.73989487  
INFO        the 50th batch, loss is: 76.19421387  
INFO        the 51th batch, loss is: 335.79766846 
INFO        the 52th batch, loss is: 500.50323486 
INFO        the 53th batch, loss is: 475.85690308 
INFO        the 54th batch, loss is: 3153.62231445
INFO        the 55th batch, loss is: 2105.07763672
INFO        the 56th batch, loss is: 20537.3417969
INFO        the 57th batch, loss is: 513750.0     
INFO        the 58th batch, loss is: 431833.09375 
INFO        the 59th batch, loss is: 157799360.0  
INFO        the 60th batch, loss is: 939059200.0  
INFO        the 61th batch, loss is: 3.44528955376e+14
INFO        the 62th batch, loss is: 3.1583743637e+18
INFO        the 63th batch, loss is: 2.3740788222e+35
INFO Val  Accuracy :0.01
INFO Test Accuracy :0.003
INFO Epoch: 2
INFO        the 64th batch, loss is: nan          
INFO        the 65th batch, loss is: nan          
INFO        the 66th batch, loss is: nan          
INFO        the 67th batch, loss is: nan          
INFO        the 68th batch, loss is: nan          
INFO        the 69th batch, loss is: nan          
INFO        the 70th batch, loss is: nan          
INFO        the 71th batch, loss is: nan          
INFO        the 72th batch, loss is: nan          
INFO        the 73th batch, loss is: nan          
INFO        the 74th batch, loss is: nan          
INFO        the 75th batch, loss is: nan          
INFO        the 76th batch, loss is: nan          
INFO        the 77th batch, loss is: nan          
INFO        the 78th batch, loss is: nan          
INFO        the 79th batch, loss is: nan          
INFO        the 80th batch, loss is: nan          
INFO        the 81th batch, loss is: nan          
INFO        the 82th batch, loss is: nan          
INFO        the 83th batch, loss is: nan          
INFO        the 84th batch, loss is: nan          
INFO        the 85th batch, loss is: nan          
INFO        the 86th batch, loss is: nan          
INFO        the 87th batch, loss is: nan          
INFO        the 88th batch, loss is: nan          
INFO        the 89th batch, loss is: nan          
INFO        the 90th batch, loss is: nan          
INFO        the 91th batch, loss is: nan          
INFO        the 92th batch, loss is: nan          
INFO        the 93th batch, loss is: nan          
INFO        the 94th batch, loss is: nan          
INFO        the 95th batch, loss is: nan          
