INFO Epoch: 0
INFO         the 0th batch, loss is: 1.48202682   
INFO         the 1th batch, loss is: 1.52514434   
INFO         the 2th batch, loss is: 1.86890435   
INFO         the 3th batch, loss is: 1.71414125   
INFO         the 4th batch, loss is: 1.95420671   
INFO         the 5th batch, loss is: 1.63669527   
INFO         the 6th batch, loss is: 1.20451772   
INFO         the 7th batch, loss is: 1.65607297   
INFO         the 8th batch, loss is: 1.4937464    
INFO         the 9th batch, loss is: 1.70340347   
INFO        the 10th batch, loss is: 1.35386002   
INFO        the 11th batch, loss is: 1.26968586   
INFO        the 12th batch, loss is: 1.8930912    
INFO        the 13th batch, loss is: 1.58897042   
INFO        the 14th batch, loss is: 1.16605222   
INFO        the 15th batch, loss is: 1.72371554   
INFO        the 16th batch, loss is: 1.60471725   
INFO        the 17th batch, loss is: 1.38352752   
INFO        the 18th batch, loss is: 1.55930758   
INFO        the 19th batch, loss is: 1.59083188   
INFO        the 20th batch, loss is: 1.40561807   
INFO        the 21th batch, loss is: 1.24673271   
INFO        the 22th batch, loss is: 0.98351932   
INFO        the 23th batch, loss is: 1.65243769   
INFO        the 24th batch, loss is: 1.29847789   
INFO        the 25th batch, loss is: 1.44205832   
INFO        the 26th batch, loss is: 1.03532994   
INFO        the 27th batch, loss is: 1.53549647   
INFO        the 28th batch, loss is: 1.4376688    
INFO        the 29th batch, loss is: 1.60214233   
INFO        the 30th batch, loss is: 1.62513459   
INFO        the 31th batch, loss is: 2.00623345   
INFO Val  Accuracy :0.708
INFO Test Accuracy :0.671
INFO Epoch: 1
INFO        the 32th batch, loss is: 1.3852632    
INFO        the 33th batch, loss is: 1.37680042   
INFO        the 34th batch, loss is: 0.92239505   
INFO        the 35th batch, loss is: 0.91256702   
INFO        the 36th batch, loss is: 1.01002741   
INFO        the 37th batch, loss is: 0.71509671   
INFO        the 38th batch, loss is: 1.05035114   
INFO        the 39th batch, loss is: 1.5168798    
INFO        the 40th batch, loss is: 1.33026505   
INFO        the 41th batch, loss is: 0.9613632    
INFO        the 42th batch, loss is: 1.55612612   
INFO        the 43th batch, loss is: 1.09037876   
INFO        the 44th batch, loss is: 1.03124905   
INFO        the 45th batch, loss is: 0.9663288    
INFO        the 46th batch, loss is: 1.26036739   
INFO        the 47th batch, loss is: 1.23499417   
INFO        the 48th batch, loss is: 1.35978889   
INFO        the 49th batch, loss is: 1.25324535   
INFO        the 50th batch, loss is: 1.15720999   
INFO        the 51th batch, loss is: 1.06300354   
INFO        the 52th batch, loss is: 1.3618263    
INFO        the 53th batch, loss is: 1.45455945   
INFO        the 54th batch, loss is: 1.21595037   
INFO        the 55th batch, loss is: 1.34255505   
INFO        the 56th batch, loss is: 1.22840333   
INFO        the 57th batch, loss is: 1.16210496   
INFO        the 58th batch, loss is: 1.32193327   
INFO        the 59th batch, loss is: 1.08689618   
INFO        the 60th batch, loss is: 1.26796544   
INFO        the 61th batch, loss is: 1.42630351   
INFO        the 62th batch, loss is: 1.24545324   
INFO        the 63th batch, loss is: 0.72596538   
INFO Val  Accuracy :0.725
INFO Test Accuracy :0.681
INFO Epoch: 2
INFO        the 64th batch, loss is: 1.36169577   
INFO        the 65th batch, loss is: 1.17060804   
INFO        the 66th batch, loss is: 1.09236562   
INFO        the 67th batch, loss is: 0.93231171   
INFO        the 68th batch, loss is: 1.09412873   
INFO        the 69th batch, loss is: 1.34853542   
INFO        the 70th batch, loss is: 1.33244061   
INFO        the 71th batch, loss is: 1.28705406   
INFO        the 72th batch, loss is: 1.26012719   
INFO        the 73th batch, loss is: 1.06382465   
INFO        the 74th batch, loss is: 1.2885077    
INFO        the 75th batch, loss is: 1.33647299   
INFO        the 76th batch, loss is: 1.19961345   
INFO        the 77th batch, loss is: 0.86972219   
INFO        the 78th batch, loss is: 1.07240319   
INFO        the 79th batch, loss is: 0.88141561   
INFO        the 80th batch, loss is: 1.31615567   
INFO        the 81th batch, loss is: 1.07266855   
INFO        the 82th batch, loss is: 0.79932499   
INFO        the 83th batch, loss is: 1.14254057   
INFO        the 84th batch, loss is: 1.09513116   
INFO        the 85th batch, loss is: 1.54136455   
INFO        the 86th batch, loss is: 1.27761829   
INFO        the 87th batch, loss is: 1.01896977   
INFO        the 88th batch, loss is: 1.01432657   
INFO        the 89th batch, loss is: 1.98708534   
INFO        the 90th batch, loss is: 1.1637547    
INFO        the 91th batch, loss is: 0.89248568   
INFO        the 92th batch, loss is: 1.19423246   
INFO        the 93th batch, loss is: 0.93925679   
INFO        the 94th batch, loss is: 0.88707411   
INFO        the 95th batch, loss is: 1.28360808   
INFO Val  Accuracy :0.734
INFO Test Accuracy :0.695
INFO Epoch: 3
INFO        the 96th batch, loss is: 1.22175205   
INFO        the 97th batch, loss is: 1.38452065   
INFO        the 98th batch, loss is: 1.18567598   
INFO        the 99th batch, loss is: 1.39211011   
INFO       the 100th batch, loss is: 1.0089308    
INFO       the 101th batch, loss is: 0.80048096   
INFO       the 102th batch, loss is: 1.47429228   
INFO       the 103th batch, loss is: 1.23731923   
INFO       the 104th batch, loss is: 1.13710511   
INFO       the 105th batch, loss is: 0.92135864   
INFO       the 106th batch, loss is: 0.55118334   
INFO       the 107th batch, loss is: 1.59184599   
INFO       the 108th batch, loss is: 1.36380029   
INFO       the 109th batch, loss is: 1.32096505   
INFO       the 110th batch, loss is: 0.85067773   
INFO       the 111th batch, loss is: 0.98271686   
INFO       the 112th batch, loss is: 1.17160082   
INFO       the 113th batch, loss is: 1.15131867   
INFO       the 114th batch, loss is: 1.49104559   
INFO       the 115th batch, loss is: 0.89551514   
INFO       the 116th batch, loss is: 1.22244406   
INFO       the 117th batch, loss is: 1.22222853   
INFO       the 118th batch, loss is: 1.06276202   
INFO       the 119th batch, loss is: 0.63730478   
INFO       the 120th batch, loss is: 0.79775143   
INFO       the 121th batch, loss is: 1.0994091    
INFO       the 122th batch, loss is: 0.96538562   
INFO       the 123th batch, loss is: 0.99463797   
INFO       the 124th batch, loss is: 1.12658238   
INFO       the 125th batch, loss is: 1.07124209   
INFO       the 126th batch, loss is: 1.05707181   
INFO       the 127th batch, loss is: 0.93602127   
INFO Val  Accuracy :0.733
INFO Test Accuracy :0.7
INFO Epoch: 4
INFO       the 128th batch, loss is: 1.03691173   
INFO       the 129th batch, loss is: 1.65883672   
INFO       the 130th batch, loss is: 1.00307345   
INFO       the 131th batch, loss is: 1.04321194   
INFO       the 132th batch, loss is: 1.23374152   
INFO       the 133th batch, loss is: 0.80821806   
INFO       the 134th batch, loss is: 0.96661031   
INFO       the 135th batch, loss is: 1.13006806   
INFO       the 136th batch, loss is: 1.5120821    
INFO       the 137th batch, loss is: 1.14239311   
INFO       the 138th batch, loss is: 1.2972945    
INFO       the 139th batch, loss is: 1.22707736   
INFO       the 140th batch, loss is: 0.99929196   
INFO       the 141th batch, loss is: 0.93418419   
INFO       the 142th batch, loss is: 0.99329925   
INFO       the 143th batch, loss is: 0.90434349   
INFO       the 144th batch, loss is: 0.89594305   
INFO       the 145th batch, loss is: 1.1614871    
INFO       the 146th batch, loss is: 1.2079345    
INFO       the 147th batch, loss is: 0.92537493   
INFO       the 148th batch, loss is: 1.20066285   
INFO       the 149th batch, loss is: 0.9079923    
INFO       the 150th batch, loss is: 1.18573356   
INFO       the 151th batch, loss is: 1.01083302   
INFO       the 152th batch, loss is: 0.88293988   
INFO       the 153th batch, loss is: 0.71880382   
INFO       the 154th batch, loss is: 0.92665261   
INFO       the 155th batch, loss is: 1.28309226   
INFO       the 156th batch, loss is: 1.05099547   
INFO       the 157th batch, loss is: 1.25821471   
INFO       the 158th batch, loss is: 1.40378666   
INFO       the 159th batch, loss is: 0.83423519   
INFO Val  Accuracy :0.731
INFO Test Accuracy :0.71
INFO Epoch: 5
INFO       the 160th batch, loss is: 0.84039366   
INFO       the 161th batch, loss is: 1.60678101   
INFO       the 162th batch, loss is: 0.86797053   
INFO       the 163th batch, loss is: 0.81114525   
INFO       the 164th batch, loss is: 1.00803125   
INFO       the 165th batch, loss is: 0.95697218   
INFO       the 166th batch, loss is: 1.19730854   
INFO       the 167th batch, loss is: 0.71851504   
INFO       the 168th batch, loss is: 0.68982244   
INFO       the 169th batch, loss is: 0.8297447    
INFO       the 170th batch, loss is: 1.4579339    
INFO       the 171th batch, loss is: 1.62897348   
INFO       the 172th batch, loss is: 0.98717248   
INFO       the 173th batch, loss is: 2.09560347   
INFO       the 174th batch, loss is: 0.78466755   
INFO       the 175th batch, loss is: 0.61666185   
INFO       the 176th batch, loss is: 0.83318943   
INFO       the 177th batch, loss is: 1.1894598    
INFO       the 178th batch, loss is: 1.25094986   
INFO       the 179th batch, loss is: 1.49247277   
INFO       the 180th batch, loss is: 1.07082534   
INFO       the 181th batch, loss is: 0.97701758   
INFO       the 182th batch, loss is: 0.97852743   
INFO       the 183th batch, loss is: 0.96284378   
INFO       the 184th batch, loss is: 1.56124961   
INFO       the 185th batch, loss is: 1.09715974   
INFO       the 186th batch, loss is: 1.01600564   
INFO       the 187th batch, loss is: 0.99341559   
INFO       the 188th batch, loss is: 1.19846511   
INFO       the 189th batch, loss is: 1.28400898   
INFO       the 190th batch, loss is: 1.24436867   
INFO       the 191th batch, loss is: 0.69051635   
INFO Val  Accuracy :0.758
INFO Test Accuracy :0.708
INFO Epoch: 6
INFO       the 192th batch, loss is: 1.13084459   
INFO       the 193th batch, loss is: 0.8216244    
INFO       the 194th batch, loss is: 0.96714795   
INFO       the 195th batch, loss is: 1.13713145   
INFO       the 196th batch, loss is: 1.11044824   
INFO       the 197th batch, loss is: 1.02060199   
INFO       the 198th batch, loss is: 1.22742414   
INFO       the 199th batch, loss is: 1.14131165   
INFO       the 200th batch, loss is: 0.85657609   
INFO       the 201th batch, loss is: 1.03734267   
INFO       the 202th batch, loss is: 1.00390172   
INFO       the 203th batch, loss is: 0.93886697   
INFO       the 204th batch, loss is: 1.31950021   
INFO       the 205th batch, loss is: 0.87353212   
INFO       the 206th batch, loss is: 0.89785051   
INFO       the 207th batch, loss is: 0.84422684   
INFO       the 208th batch, loss is: 1.59374142   
INFO       the 209th batch, loss is: 0.94667834   
INFO       the 210th batch, loss is: 0.97187048   
INFO       the 211th batch, loss is: 0.91103691   
INFO       the 212th batch, loss is: 1.28403616   
INFO       the 213th batch, loss is: 1.12194264   
INFO       the 214th batch, loss is: 1.12501431   
INFO       the 215th batch, loss is: 1.12068152   
INFO       the 216th batch, loss is: 1.08737206   
INFO       the 217th batch, loss is: 1.39074981   
INFO       the 218th batch, loss is: 1.04560387   
INFO       the 219th batch, loss is: 1.02775788   
INFO       the 220th batch, loss is: 1.15963483   
INFO       the 221th batch, loss is: 1.06352365   
INFO       the 222th batch, loss is: 1.09791422   
INFO       the 223th batch, loss is: 0.99958992   
INFO Val  Accuracy :0.758
INFO Test Accuracy :0.72
INFO Epoch: 7
INFO       the 224th batch, loss is: 0.94060081   
INFO       the 225th batch, loss is: 0.80915678   
INFO       the 226th batch, loss is: 1.01673043   
INFO       the 227th batch, loss is: 1.10363781   
INFO       the 228th batch, loss is: 1.21575379   
INFO       the 229th batch, loss is: 1.23369205   
INFO       the 230th batch, loss is: 0.88688791   
INFO       the 231th batch, loss is: 1.50556231   
INFO       the 232th batch, loss is: 0.99760115   
INFO       the 233th batch, loss is: 1.1813066    
INFO       the 234th batch, loss is: 0.64081204   
INFO       the 235th batch, loss is: 0.92992651   
INFO       the 236th batch, loss is: 1.23374271   
INFO       the 237th batch, loss is: 1.69381297   
INFO       the 238th batch, loss is: 0.79378283   
INFO       the 239th batch, loss is: 0.83857262   
INFO       the 240th batch, loss is: 0.88517642   
INFO       the 241th batch, loss is: 1.07536411   
INFO       the 242th batch, loss is: 0.74301851   
INFO       the 243th batch, loss is: 0.92372835   
INFO       the 244th batch, loss is: 0.77456039   
INFO       the 245th batch, loss is: 0.55126649   
INFO       the 246th batch, loss is: 0.70665574   
INFO       the 247th batch, loss is: 0.98013151   
INFO       the 248th batch, loss is: 1.03004372   
INFO       the 249th batch, loss is: 0.98411083   
INFO       the 250th batch, loss is: 1.37805963   
INFO       the 251th batch, loss is: 1.26547194   
INFO       the 252th batch, loss is: 0.81312126   
INFO       the 253th batch, loss is: 0.52921987   
INFO       the 254th batch, loss is: 0.9281292    
INFO       the 255th batch, loss is: 1.13329971   
INFO Val  Accuracy :0.744
INFO Test Accuracy :0.713
INFO Epoch: 8
INFO       the 256th batch, loss is: 0.64347255   
INFO       the 257th batch, loss is: 0.88514739   
INFO       the 258th batch, loss is: 0.85009629   
INFO       the 259th batch, loss is: 1.3518796    
INFO       the 260th batch, loss is: 1.15938401   
INFO       the 261th batch, loss is: 0.78314477   
INFO       the 262th batch, loss is: 0.88119853   
INFO       the 263th batch, loss is: 1.01392972   
INFO       the 264th batch, loss is: 1.08737314   
INFO       the 265th batch, loss is: 0.82332075   
INFO       the 266th batch, loss is: 1.11227345   
INFO       the 267th batch, loss is: 0.91244549   
INFO       the 268th batch, loss is: 0.77484119   
INFO       the 269th batch, loss is: 0.85156822   
INFO       the 270th batch, loss is: 0.83087409   
INFO       the 271th batch, loss is: 1.15810335   
INFO       the 272th batch, loss is: 0.8754707    
INFO       the 273th batch, loss is: 0.82549393   
INFO       the 274th batch, loss is: 1.17701757   
INFO       the 275th batch, loss is: 1.05182731   
INFO       the 276th batch, loss is: 0.68697113   
INFO       the 277th batch, loss is: 1.02557206   
INFO       the 278th batch, loss is: 0.84757537   
INFO       the 279th batch, loss is: 1.72352934   
INFO       the 280th batch, loss is: 0.89036703   
INFO       the 281th batch, loss is: 0.76652676   
INFO       the 282th batch, loss is: 0.90572745   
INFO       the 283th batch, loss is: 1.20120645   
INFO       the 284th batch, loss is: 1.23285747   
INFO       the 285th batch, loss is: 1.01376486   
INFO       the 286th batch, loss is: 0.92510468   
INFO       the 287th batch, loss is: 0.97364146   
INFO Val  Accuracy :0.76
INFO Test Accuracy :0.717
INFO Epoch: 9
INFO       the 288th batch, loss is: 0.97548014   
INFO       the 289th batch, loss is: 1.02129984   
INFO       the 290th batch, loss is: 0.83098006   
INFO       the 291th batch, loss is: 0.96303856   
INFO       the 292th batch, loss is: 1.07405758   
INFO       the 293th batch, loss is: 0.80658597   
INFO       the 294th batch, loss is: 0.74248654   
INFO       the 295th batch, loss is: 1.76107585   
INFO       the 296th batch, loss is: 1.49382746   
INFO       the 297th batch, loss is: 1.04242122   
INFO       the 298th batch, loss is: 1.0125674    
INFO       the 299th batch, loss is: 1.48547435   
INFO       the 300th batch, loss is: 0.91278052   
INFO       the 301th batch, loss is: 0.83302397   
INFO       the 302th batch, loss is: 0.61222363   
INFO       the 303th batch, loss is: 0.72131503   
INFO       the 304th batch, loss is: 1.65415812   
INFO       the 305th batch, loss is: 0.82196379   
INFO       the 306th batch, loss is: 0.98477983   
INFO       the 307th batch, loss is: 1.06326723   
INFO       the 308th batch, loss is: 0.92693883   
INFO       the 309th batch, loss is: 1.00868499   
INFO       the 310th batch, loss is: 0.89765692   
INFO       the 311th batch, loss is: 1.04018629   
INFO       the 312th batch, loss is: 1.4906379    
INFO       the 313th batch, loss is: 0.85803473   
INFO       the 314th batch, loss is: 0.58127624   
INFO       the 315th batch, loss is: 1.06744885   
INFO       the 316th batch, loss is: 0.82084388   
INFO       the 317th batch, loss is: 0.68267393   
INFO       the 318th batch, loss is: 1.00758672   
INFO       the 319th batch, loss is: 0.69359714   
INFO Val  Accuracy :0.765
INFO Test Accuracy :0.725
INFO Epoch: 10
INFO       the 320th batch, loss is: 0.64732575   
INFO       the 321th batch, loss is: 1.23097134   
INFO       the 322th batch, loss is: 1.43703926   
INFO       the 323th batch, loss is: 1.25963438   
INFO       the 324th batch, loss is: 1.33952653   
INFO       the 325th batch, loss is: 1.04074955   
INFO       the 326th batch, loss is: 1.00239432   
INFO       the 327th batch, loss is: 0.70344228   
INFO       the 328th batch, loss is: 1.05018616   
INFO       the 329th batch, loss is: 1.07414699   
INFO       the 330th batch, loss is: 0.7064181    
INFO       the 331th batch, loss is: 0.71614009   
INFO       the 332th batch, loss is: 0.80540305   
INFO       the 333th batch, loss is: 0.55857825   
INFO       the 334th batch, loss is: 1.22974861   
INFO       the 335th batch, loss is: 0.77627599   
INFO       the 336th batch, loss is: 0.83228642   
INFO       the 337th batch, loss is: 0.67020643   
INFO       the 338th batch, loss is: 1.34750962   
INFO       the 339th batch, loss is: 0.84155852   
INFO       the 340th batch, loss is: 1.00748181   
INFO       the 341th batch, loss is: 0.68393046   
INFO       the 342th batch, loss is: 0.86283422   
INFO       the 343th batch, loss is: 1.09769273   
INFO       the 344th batch, loss is: 1.31444585   
INFO       the 345th batch, loss is: 1.24590003   
INFO       the 346th batch, loss is: 1.22939551   
INFO       the 347th batch, loss is: 0.70788103   
INFO       the 348th batch, loss is: 1.15753794   
INFO       the 349th batch, loss is: 1.12930036   
INFO       the 350th batch, loss is: 1.0095818    
INFO       the 351th batch, loss is: 0.82267839   
INFO Val  Accuracy :0.76
INFO Test Accuracy :0.716
INFO Epoch: 11
INFO       the 352th batch, loss is: 1.20810711   
INFO       the 353th batch, loss is: 0.78764534   
INFO       the 354th batch, loss is: 0.81725186   
INFO       the 355th batch, loss is: 0.75983101   
INFO       the 356th batch, loss is: 0.97074813   
INFO       the 357th batch, loss is: 0.7360934    
INFO       the 358th batch, loss is: 0.9368391    
INFO       the 359th batch, loss is: 0.67311847   
INFO       the 360th batch, loss is: 0.68381917   
INFO       the 361th batch, loss is: 0.68499047   
INFO       the 362th batch, loss is: 1.55823398   
INFO       the 363th batch, loss is: 0.80279619   
INFO       the 364th batch, loss is: 0.53982848   
INFO       the 365th batch, loss is: 0.98963457   
INFO       the 366th batch, loss is: 0.80454093   
INFO       the 367th batch, loss is: 1.16712427   
INFO       the 368th batch, loss is: 0.77735925   
INFO       the 369th batch, loss is: 0.80520231   
INFO       the 370th batch, loss is: 0.95674908   
INFO       the 371th batch, loss is: 1.03788865   
INFO       the 372th batch, loss is: 0.55669487   
INFO       the 373th batch, loss is: 0.76488203   
INFO       the 374th batch, loss is: 0.90809065   
INFO       the 375th batch, loss is: 0.94818008   
INFO       the 376th batch, loss is: 0.91922635   
INFO       the 377th batch, loss is: 0.84968376   
INFO       the 378th batch, loss is: 0.85144079   
INFO       the 379th batch, loss is: 1.11066806   
INFO       the 380th batch, loss is: 0.98717213   
INFO       the 381th batch, loss is: 0.81450415   
INFO       the 382th batch, loss is: 0.96495986   
INFO       the 383th batch, loss is: 0.83961612   
INFO Val  Accuracy :0.766
INFO Test Accuracy :0.724
INFO Epoch: 12
INFO       the 384th batch, loss is: 1.42088723   
INFO       the 385th batch, loss is: 0.89045036   
INFO       the 386th batch, loss is: 0.97462308   
INFO       the 387th batch, loss is: 0.66139424   
INFO       the 388th batch, loss is: 0.77816057   
INFO       the 389th batch, loss is: 0.95003837   
INFO       the 390th batch, loss is: 0.71140039   
INFO       the 391th batch, loss is: 0.64459062   
INFO       the 392th batch, loss is: 0.87087095   
INFO       the 393th batch, loss is: 0.71903503   
INFO       the 394th batch, loss is: 1.17342138   
INFO       the 395th batch, loss is: 0.74812555   
INFO       the 396th batch, loss is: 0.80752271   
INFO       the 397th batch, loss is: 0.92794186   
INFO       the 398th batch, loss is: 0.83164793   
INFO       the 399th batch, loss is: 1.17871428   
INFO       the 400th batch, loss is: 0.85820252   
INFO       the 401th batch, loss is: 0.53692955   
INFO       the 402th batch, loss is: 1.10152912   
INFO       the 403th batch, loss is: 0.85777068   
INFO       the 404th batch, loss is: 0.8166523    
INFO       the 405th batch, loss is: 0.78987813   
INFO       the 406th batch, loss is: 0.97215796   
INFO       the 407th batch, loss is: 1.20806181   
INFO       the 408th batch, loss is: 1.51177192   
INFO       the 409th batch, loss is: 0.86586726   
INFO       the 410th batch, loss is: 0.9395262    
INFO       the 411th batch, loss is: 0.76948923   
INFO       the 412th batch, loss is: 0.80120099   
INFO       the 413th batch, loss is: 0.80992281   
INFO       the 414th batch, loss is: 0.56721997   
INFO       the 415th batch, loss is: 1.09910166   
INFO Val  Accuracy :0.76
INFO Test Accuracy :0.733
INFO Epoch: 13
INFO       the 416th batch, loss is: 0.76599598   
INFO       the 417th batch, loss is: 0.75094479   
INFO       the 418th batch, loss is: 0.89669406   
INFO       the 419th batch, loss is: 1.36225545   
INFO       the 420th batch, loss is: 0.87360978   
INFO       the 421th batch, loss is: 1.06568074   
INFO       the 422th batch, loss is: 0.74964762   
INFO       the 423th batch, loss is: 0.73957992   
INFO       the 424th batch, loss is: 1.04309392   
INFO       the 425th batch, loss is: 0.90243435   
INFO       the 426th batch, loss is: 0.99455595   
INFO       the 427th batch, loss is: 0.86845326   
INFO       the 428th batch, loss is: 0.93980449   
INFO       the 429th batch, loss is: 0.59010911   
INFO       the 430th batch, loss is: 1.16799712   
INFO       the 431th batch, loss is: 0.82917178   
INFO       the 432th batch, loss is: 0.58450079   
INFO       the 433th batch, loss is: 0.90539116   
INFO       the 434th batch, loss is: 0.81830704   
INFO       the 435th batch, loss is: 0.34199154   
INFO       the 436th batch, loss is: 0.7612077    
INFO       the 437th batch, loss is: 0.51817656   
INFO       the 438th batch, loss is: 0.82593948   
INFO       the 439th batch, loss is: 1.06877565   
INFO       the 440th batch, loss is: 1.26758027   
INFO       the 441th batch, loss is: 1.05106378   
INFO       the 442th batch, loss is: 1.05807185   
INFO       the 443th batch, loss is: 0.45321128   
INFO       the 444th batch, loss is: 0.62229633   
INFO       the 445th batch, loss is: 0.91425109   
INFO       the 446th batch, loss is: 0.43129143   
INFO       the 447th batch, loss is: 1.71589029   
INFO Val  Accuracy :0.766
INFO Test Accuracy :0.729
INFO Epoch: 14
INFO       the 448th batch, loss is: 0.93582398   
INFO       the 449th batch, loss is: 1.18750381   
INFO       the 450th batch, loss is: 0.95262539   
INFO       the 451th batch, loss is: 0.75788212   
INFO       the 452th batch, loss is: 1.48324752   
INFO       the 453th batch, loss is: 0.98250556   
INFO       the 454th batch, loss is: 0.65437782   
INFO       the 455th batch, loss is: 1.07008827   
INFO       the 456th batch, loss is: 0.91241795   
INFO       the 457th batch, loss is: 0.73895097   
INFO       the 458th batch, loss is: 0.88772178   
INFO       the 459th batch, loss is: 0.76812524   
INFO       the 460th batch, loss is: 0.56552893   
INFO       the 461th batch, loss is: 0.68897808   
INFO       the 462th batch, loss is: 0.91884196   
INFO       the 463th batch, loss is: 0.84818554   
INFO       the 464th batch, loss is: 1.05124712   
INFO       the 465th batch, loss is: 0.89900184   
INFO       the 466th batch, loss is: 0.88658184   
INFO       the 467th batch, loss is: 0.94852471   
INFO       the 468th batch, loss is: 1.03496563   
INFO       the 469th batch, loss is: 1.09507227   
INFO       the 470th batch, loss is: 0.54955333   
INFO       the 471th batch, loss is: 0.45869786   
INFO       the 472th batch, loss is: 0.82291842   
INFO       the 473th batch, loss is: 1.08757806   
INFO       the 474th batch, loss is: 0.74102116   
INFO       the 475th batch, loss is: 0.75701225   
INFO       the 476th batch, loss is: 0.86860579   
INFO       the 477th batch, loss is: 0.97373819   
INFO       the 478th batch, loss is: 0.60993618   
INFO       the 479th batch, loss is: 0.63803035   
INFO Val  Accuracy :0.767
INFO Test Accuracy :0.733
INFO Epoch: 15
INFO       the 480th batch, loss is: 0.80771935   
INFO       the 481th batch, loss is: 0.73575377   
INFO       the 482th batch, loss is: 0.84039599   
INFO       the 483th batch, loss is: 0.61380076   
INFO       the 484th batch, loss is: 0.81346887   
INFO       the 485th batch, loss is: 0.90313089   
INFO       the 486th batch, loss is: 0.76607758   
INFO       the 487th batch, loss is: 0.90689814   
INFO       the 488th batch, loss is: 0.69393629   
INFO       the 489th batch, loss is: 0.54444003   
INFO       the 490th batch, loss is: 1.05909026   
INFO       the 491th batch, loss is: 0.5408392    
INFO       the 492th batch, loss is: 0.74842787   
INFO       the 493th batch, loss is: 0.72312462   
INFO       the 494th batch, loss is: 0.93843436   
INFO       the 495th batch, loss is: 0.89599955   
INFO       the 496th batch, loss is: 0.77677298   
INFO       the 497th batch, loss is: 0.94290209   
INFO       the 498th batch, loss is: 0.6373384    
INFO       the 499th batch, loss is: 0.68838573   
INFO       the 500th batch, loss is: 1.03217793   
INFO       the 501th batch, loss is: 0.77974653   
INFO       the 502th batch, loss is: 1.0169127    
INFO       the 503th batch, loss is: 0.64682114   
INFO       the 504th batch, loss is: 0.63228184   
INFO       the 505th batch, loss is: 1.13409317   
INFO       the 506th batch, loss is: 1.02229977   
INFO       the 507th batch, loss is: 1.00289798   
INFO       the 508th batch, loss is: 0.7175734    
INFO       the 509th batch, loss is: 0.49938837   
INFO       the 510th batch, loss is: 0.96661997   
INFO       the 511th batch, loss is: 1.53326094   
INFO Val  Accuracy :0.775
INFO Test Accuracy :0.743
INFO Epoch: 16
INFO       the 512th batch, loss is: 1.16608858   
INFO       the 513th batch, loss is: 0.80468798   
INFO       the 514th batch, loss is: 0.84353942   
INFO       the 515th batch, loss is: 0.89087808   
INFO       the 516th batch, loss is: 0.84062892   
INFO       the 517th batch, loss is: 1.04139733   
INFO       the 518th batch, loss is: 0.79673553   
INFO       the 519th batch, loss is: 1.07552791   
INFO       the 520th batch, loss is: 0.98963976   
INFO       the 521th batch, loss is: 0.63406372   
INFO       the 522th batch, loss is: 0.55999517   
INFO       the 523th batch, loss is: 0.61980462   
INFO       the 524th batch, loss is: 0.57540292   
INFO       the 525th batch, loss is: 0.63909459   
INFO       the 526th batch, loss is: 1.09109569   
INFO       the 527th batch, loss is: 0.81358624   
INFO       the 528th batch, loss is: 0.70897597   
INFO       the 529th batch, loss is: 0.6900329    
INFO       the 530th batch, loss is: 0.81482613   
INFO       the 531th batch, loss is: 0.59308958   
INFO       the 532th batch, loss is: 0.88902688   
INFO       the 533th batch, loss is: 0.59155852   
INFO       the 534th batch, loss is: 0.65778756   
INFO       the 535th batch, loss is: 0.62319529   
INFO       the 536th batch, loss is: 1.20850897   
INFO       the 537th batch, loss is: 0.67694122   
INFO       the 538th batch, loss is: 0.62511313   
INFO       the 539th batch, loss is: 0.81392944   
INFO       the 540th batch, loss is: 0.6919347    
INFO       the 541th batch, loss is: 0.58529228   
INFO       the 542th batch, loss is: 0.61902189   
INFO       the 543th batch, loss is: 0.82856941   
INFO Val  Accuracy :0.766
INFO Test Accuracy :0.741
INFO Epoch: 17
INFO       the 544th batch, loss is: 0.61258483   
INFO       the 545th batch, loss is: 0.77650648   
INFO       the 546th batch, loss is: 0.99704528   
INFO       the 547th batch, loss is: 0.91068459   
INFO       the 548th batch, loss is: 1.03003287   
INFO       the 549th batch, loss is: 0.98314899   
INFO       the 550th batch, loss is: 0.73841548   
INFO       the 551th batch, loss is: 0.87269682   
INFO       the 552th batch, loss is: 0.65470725   
INFO       the 553th batch, loss is: 0.99110603   
INFO       the 554th batch, loss is: 0.51263225   
INFO       the 555th batch, loss is: 0.76778758   
INFO       the 556th batch, loss is: 0.35075751   
INFO       the 557th batch, loss is: 0.77105981   
INFO       the 558th batch, loss is: 0.74384129   
INFO       the 559th batch, loss is: 1.03637707   
INFO       the 560th batch, loss is: 1.07993495   
INFO       the 561th batch, loss is: 0.61438179   
INFO       the 562th batch, loss is: 0.73672533   
INFO       the 563th batch, loss is: 0.93756109   
INFO       the 564th batch, loss is: 0.64334846   
INFO       the 565th batch, loss is: 0.62014782   
INFO       the 566th batch, loss is: 0.51711792   
INFO       the 567th batch, loss is: 0.81908941   
INFO       the 568th batch, loss is: 0.83238876   
INFO       the 569th batch, loss is: 0.73374295   
INFO       the 570th batch, loss is: 1.00988913   
INFO       the 571th batch, loss is: 1.34442806   
INFO       the 572th batch, loss is: 0.8973428    
INFO       the 573th batch, loss is: 1.13805032   
INFO       the 574th batch, loss is: 0.54144716   
INFO       the 575th batch, loss is: 0.87509137   
INFO Val  Accuracy :0.784
INFO Test Accuracy :0.738
INFO Epoch: 18
INFO       the 576th batch, loss is: 1.12871003   
INFO       the 577th batch, loss is: 0.55157685   
INFO       the 578th batch, loss is: 0.73306417   
INFO       the 579th batch, loss is: 0.56671196   
INFO       the 580th batch, loss is: 1.08991206   
INFO       the 581th batch, loss is: 0.61327285   
INFO       the 582th batch, loss is: 0.86260748   
INFO       the 583th batch, loss is: 0.87051284   
INFO       the 584th batch, loss is: 0.54568964   
INFO       the 585th batch, loss is: 0.6215694    
INFO       the 586th batch, loss is: 0.6835708    
INFO       the 587th batch, loss is: 0.91345501   
INFO       the 588th batch, loss is: 0.88128477   
INFO       the 589th batch, loss is: 1.15105844   
INFO       the 590th batch, loss is: 0.85987532   
INFO       the 591th batch, loss is: 0.77421451   
INFO       the 592th batch, loss is: 0.4885405    
INFO       the 593th batch, loss is: 0.64624274   
INFO       the 594th batch, loss is: 0.79098922   
INFO       the 595th batch, loss is: 1.01871622   
INFO       the 596th batch, loss is: 0.3952516    
INFO       the 597th batch, loss is: 0.63606507   
INFO       the 598th batch, loss is: 0.65554696   
INFO       the 599th batch, loss is: 0.84439749   
INFO       the 600th batch, loss is: 0.93535876   
INFO       the 601th batch, loss is: 0.73461682   
INFO       the 602th batch, loss is: 1.10631216   
INFO       the 603th batch, loss is: 0.94596845   
INFO       the 604th batch, loss is: 0.66551083   
INFO       the 605th batch, loss is: 1.03685367   
INFO       the 606th batch, loss is: 0.73160076   
INFO       the 607th batch, loss is: 0.91877013   
INFO Val  Accuracy :0.781
INFO Test Accuracy :0.752
INFO Epoch: 19
INFO       the 608th batch, loss is: 0.4176594    
INFO       the 609th batch, loss is: 0.69430137   
INFO       the 610th batch, loss is: 0.77189863   
INFO       the 611th batch, loss is: 0.89405334   
INFO       the 612th batch, loss is: 0.86313432   
INFO       the 613th batch, loss is: 1.19021416   
INFO       the 614th batch, loss is: 0.49078104   
INFO       the 615th batch, loss is: 0.85192806   
INFO       the 616th batch, loss is: 0.6708293    
INFO       the 617th batch, loss is: 0.41369551   
INFO       the 618th batch, loss is: 0.88831568   
INFO       the 619th batch, loss is: 0.83971691   
INFO       the 620th batch, loss is: 0.9737156    
INFO       the 621th batch, loss is: 0.77686101   
INFO       the 622th batch, loss is: 0.81180638   
INFO       the 623th batch, loss is: 0.77400774   
INFO       the 624th batch, loss is: 1.08524823   
INFO       the 625th batch, loss is: 0.72574222   
INFO       the 626th batch, loss is: 0.97186291   
INFO       the 627th batch, loss is: 0.94322169   
INFO       the 628th batch, loss is: 0.49673736   
INFO       the 629th batch, loss is: 0.49075699   
INFO       the 630th batch, loss is: 0.56873882   
INFO       the 631th batch, loss is: 0.91097397   
INFO       the 632th batch, loss is: 0.65087503   
INFO       the 633th batch, loss is: 0.40586424   
INFO       the 634th batch, loss is: 0.44817615   
INFO       the 635th batch, loss is: 0.70483613   
INFO       the 636th batch, loss is: 0.97795635   
INFO       the 637th batch, loss is: 0.76673579   
INFO       the 638th batch, loss is: 0.94948483   
INFO       the 639th batch, loss is: 0.74938661   
INFO Val  Accuracy :0.768
INFO Test Accuracy :0.741
INFO Finished training.
