INFO Epoch: 0
INFO         the 0th batch, loss is: 0.68059528   
INFO         the 1th batch, loss is: 0.65237629   
INFO         the 2th batch, loss is: 0.60795224   
INFO         the 3th batch, loss is: 1.16551781   
INFO         the 4th batch, loss is: 0.78772354   
INFO         the 5th batch, loss is: 0.77577043   
INFO         the 6th batch, loss is: 0.85044861   
INFO         the 7th batch, loss is: 0.95603305   
INFO         the 8th batch, loss is: 0.52757454   
INFO         the 9th batch, loss is: 0.756181     
INFO        the 10th batch, loss is: 0.68474901   
INFO        the 11th batch, loss is: 0.60906017   
INFO        the 12th batch, loss is: 1.2535156    
INFO        the 13th batch, loss is: 0.51010627   
INFO        the 14th batch, loss is: 0.42539057   
INFO        the 15th batch, loss is: 0.93156111   
INFO        the 16th batch, loss is: 0.80869317   
INFO        the 17th batch, loss is: 0.47794583   
INFO        the 18th batch, loss is: 0.59348834   
INFO        the 19th batch, loss is: 0.73847347   
INFO        the 20th batch, loss is: 0.70931548   
INFO        the 21th batch, loss is: 0.54407632   
INFO        the 22th batch, loss is: 0.70039904   
INFO        the 23th batch, loss is: 0.98908782   
INFO        the 24th batch, loss is: 0.51171029   
INFO        the 25th batch, loss is: 0.81916565   
INFO        the 26th batch, loss is: 0.67180932   
INFO        the 27th batch, loss is: 0.63552278   
INFO        the 28th batch, loss is: 1.16255021   
INFO        the 29th batch, loss is: 0.98893929   
INFO        the 30th batch, loss is: 0.50271016   
INFO        the 31th batch, loss is: 0.89480168   
INFO Val  Accuracy :0.782
INFO Test Accuracy :0.746
INFO Epoch: 1
INFO        the 32th batch, loss is: 0.79864472   
INFO        the 33th batch, loss is: 0.40469033   
INFO        the 34th batch, loss is: 1.12163007   
INFO        the 35th batch, loss is: 0.86488533   
INFO        the 36th batch, loss is: 1.27746308   
INFO        the 37th batch, loss is: 0.77900934   
INFO        the 38th batch, loss is: 0.52160412   
INFO        the 39th batch, loss is: 0.59833968   
INFO        the 40th batch, loss is: 0.59397703   
INFO        the 41th batch, loss is: 0.9398551    
INFO        the 42th batch, loss is: 0.79593825   
INFO        the 43th batch, loss is: 1.2081095    
INFO        the 44th batch, loss is: 0.79984295   
INFO        the 45th batch, loss is: 0.83668685   
INFO        the 46th batch, loss is: 0.62925899   
INFO        the 47th batch, loss is: 0.63097841   
INFO        the 48th batch, loss is: 0.71310121   
INFO        the 49th batch, loss is: 0.73411918   
INFO        the 50th batch, loss is: 0.52588332   
INFO        the 51th batch, loss is: 0.51489985   
INFO        the 52th batch, loss is: 0.76633739   
INFO        the 53th batch, loss is: 1.17851746   
INFO        the 54th batch, loss is: 0.51913935   
INFO        the 55th batch, loss is: 0.45002425   
INFO        the 56th batch, loss is: 1.46724558   
INFO        the 57th batch, loss is: 0.77508521   
INFO        the 58th batch, loss is: 0.58585155   
INFO        the 59th batch, loss is: 0.78858542   
INFO        the 60th batch, loss is: 0.99889946   
INFO        the 61th batch, loss is: 0.78021699   
INFO        the 62th batch, loss is: 0.77473176   
INFO        the 63th batch, loss is: 0.71358472   
INFO Val  Accuracy :0.786
INFO Test Accuracy :0.751
INFO Epoch: 2
INFO        the 64th batch, loss is: 0.69001997   
INFO        the 65th batch, loss is: 0.56836843   
INFO        the 66th batch, loss is: 0.44656196   
INFO        the 67th batch, loss is: 0.77188164   
INFO        the 68th batch, loss is: 0.46199763   
INFO        the 69th batch, loss is: 0.78109741   
INFO        the 70th batch, loss is: 0.80892563   
INFO        the 71th batch, loss is: 0.58263648   
INFO        the 72th batch, loss is: 0.87642664   
INFO        the 73th batch, loss is: 0.72916293   
INFO        the 74th batch, loss is: 0.62428534   
INFO        the 75th batch, loss is: 0.80485243   
INFO        the 76th batch, loss is: 0.82110107   
INFO        the 77th batch, loss is: 1.07938325   
INFO        the 78th batch, loss is: 0.93388873   
INFO        the 79th batch, loss is: 0.57288051   
INFO        the 80th batch, loss is: 0.73054421   
INFO        the 81th batch, loss is: 0.8697418    
INFO        the 82th batch, loss is: 1.04942083   
INFO        the 83th batch, loss is: 0.34758824   
INFO        the 84th batch, loss is: 1.39108992   
INFO        the 85th batch, loss is: 0.9471572    
INFO        the 86th batch, loss is: 0.86755627   
INFO        the 87th batch, loss is: 0.81004459   
INFO        the 88th batch, loss is: 1.33413255   
INFO        the 89th batch, loss is: 0.49351314   
INFO        the 90th batch, loss is: 0.40610009   
INFO        the 91th batch, loss is: 0.53411686   
INFO        the 92th batch, loss is: 1.00900149   
INFO        the 93th batch, loss is: 1.28903854   
INFO        the 94th batch, loss is: 0.33318776   
INFO        the 95th batch, loss is: 0.84523046   
INFO Val  Accuracy :0.782
INFO Test Accuracy :0.745
INFO Epoch: 3
INFO        the 96th batch, loss is: 0.6600498    
INFO        the 97th batch, loss is: 0.56089818   
INFO        the 98th batch, loss is: 0.49009305   
INFO        the 99th batch, loss is: 0.59275776   
INFO       the 100th batch, loss is: 0.64763439   
INFO       the 101th batch, loss is: 0.50090826   
INFO       the 102th batch, loss is: 0.78772211   
INFO       the 103th batch, loss is: 0.71026105   
INFO       the 104th batch, loss is: 0.73245114   
INFO       the 105th batch, loss is: 0.55538046   
INFO       the 106th batch, loss is: 0.58457613   
INFO       the 107th batch, loss is: 0.86615837   
INFO       the 108th batch, loss is: 0.63871121   
INFO       the 109th batch, loss is: 0.82522666   
INFO       the 110th batch, loss is: 0.6825459    
INFO       the 111th batch, loss is: 0.92401302   
INFO       the 112th batch, loss is: 0.76457888   
INFO       the 113th batch, loss is: 0.87697005   
INFO       the 114th batch, loss is: 0.92709351   
INFO       the 115th batch, loss is: 0.4060984    
INFO       the 116th batch, loss is: 0.43076935   
INFO       the 117th batch, loss is: 0.74851477   
INFO       the 118th batch, loss is: 0.74907446   
INFO       the 119th batch, loss is: 0.65080166   
INFO       the 120th batch, loss is: 0.63822675   
INFO       the 121th batch, loss is: 1.18071151   
INFO       the 122th batch, loss is: 0.68747091   
INFO       the 123th batch, loss is: 0.77983272   
INFO       the 124th batch, loss is: 0.5439266    
INFO       the 125th batch, loss is: 0.53747904   
INFO       the 126th batch, loss is: 0.65623599   
INFO       the 127th batch, loss is: 0.89328271   
INFO Val  Accuracy :0.784
INFO Test Accuracy :0.75
INFO Epoch: 4
INFO       the 128th batch, loss is: 0.90173548   
INFO       the 129th batch, loss is: 0.58769011   
INFO       the 130th batch, loss is: 0.7811414    
INFO       the 131th batch, loss is: 0.8159973    
INFO       the 132th batch, loss is: 0.74641609   
INFO       the 133th batch, loss is: 1.07655656   
INFO       the 134th batch, loss is: 0.71596861   
INFO       the 135th batch, loss is: 1.0327903    
INFO       the 136th batch, loss is: 0.71158648   
INFO       the 137th batch, loss is: 0.76136577   
INFO       the 138th batch, loss is: 0.46478477   
INFO       the 139th batch, loss is: 0.3888936    
INFO       the 140th batch, loss is: 0.8565408    
INFO       the 141th batch, loss is: 0.45004135   
INFO       the 142th batch, loss is: 0.47768036   
INFO       the 143th batch, loss is: 0.70743757   
INFO       the 144th batch, loss is: 1.00096476   
INFO       the 145th batch, loss is: 0.64767724   
INFO       the 146th batch, loss is: 1.24638724   
INFO       the 147th batch, loss is: 0.52525616   
INFO       the 148th batch, loss is: 0.52043247   
INFO       the 149th batch, loss is: 0.67108846   
INFO       the 150th batch, loss is: 0.64461744   
INFO       the 151th batch, loss is: 0.70168471   
INFO       the 152th batch, loss is: 0.68325019   
INFO       the 153th batch, loss is: 1.02929223   
INFO       the 154th batch, loss is: 0.91570991   
INFO       the 155th batch, loss is: 0.45138952   
INFO       the 156th batch, loss is: 0.53422832   
INFO       the 157th batch, loss is: 0.36130831   
INFO       the 158th batch, loss is: 0.84240162   
INFO       the 159th batch, loss is: 0.71843559   
INFO Val  Accuracy :0.787
INFO Test Accuracy :0.746
INFO Epoch: 5
INFO       the 160th batch, loss is: 0.93228626   
INFO       the 161th batch, loss is: 0.71782714   
INFO       the 162th batch, loss is: 1.07258058   
INFO       the 163th batch, loss is: 0.80183172   
INFO       the 164th batch, loss is: 1.18501592   
INFO       the 165th batch, loss is: 0.73462415   
INFO       the 166th batch, loss is: 0.66123259   
INFO       the 167th batch, loss is: 0.80535078   
INFO       the 168th batch, loss is: 0.75277352   
INFO       the 169th batch, loss is: 0.86454761   
INFO       the 170th batch, loss is: 0.71966636   
INFO       the 171th batch, loss is: 0.72127485   
INFO       the 172th batch, loss is: 0.83764261   
INFO       the 173th batch, loss is: 0.81081665   
INFO       the 174th batch, loss is: 0.56422961   
INFO       the 175th batch, loss is: 0.9286623    
INFO       the 176th batch, loss is: 0.69126832   
INFO       the 177th batch, loss is: 0.29137215   
INFO       the 178th batch, loss is: 0.80834752   
INFO       the 179th batch, loss is: 0.72227895   
INFO       the 180th batch, loss is: 1.0426631    
INFO       the 181th batch, loss is: 1.14120317   
INFO       the 182th batch, loss is: 0.68853945   
INFO       the 183th batch, loss is: 1.03290009   
INFO       the 184th batch, loss is: 0.73826212   
INFO       the 185th batch, loss is: 0.71540755   
INFO       the 186th batch, loss is: 0.80098295   
INFO       the 187th batch, loss is: 0.8797552    
INFO       the 188th batch, loss is: 0.58728909   
INFO       the 189th batch, loss is: 0.5782671    
INFO       the 190th batch, loss is: 0.86844933   
INFO       the 191th batch, loss is: 0.85618013   
INFO Val  Accuracy :0.784
INFO Test Accuracy :0.747
INFO Epoch: 6
INFO       the 192th batch, loss is: 0.98479223   
INFO       the 193th batch, loss is: 0.71106935   
INFO       the 194th batch, loss is: 0.5161311    
INFO       the 195th batch, loss is: 0.64996433   
INFO       the 196th batch, loss is: 0.4269084    
INFO       the 197th batch, loss is: 0.72637773   
INFO       the 198th batch, loss is: 0.66027033   
INFO       the 199th batch, loss is: 0.77391219   
INFO       the 200th batch, loss is: 0.44924253   
INFO       the 201th batch, loss is: 0.70823431   
INFO       the 202th batch, loss is: 0.66158235   
INFO       the 203th batch, loss is: 0.68783748   
INFO       the 204th batch, loss is: 0.67915344   
INFO       the 205th batch, loss is: 0.74648643   
INFO       the 206th batch, loss is: 0.95799303   
INFO       the 207th batch, loss is: 0.73296106   
INFO       the 208th batch, loss is: 0.7409302    
INFO       the 209th batch, loss is: 0.89940131   
INFO       the 210th batch, loss is: 0.59208065   
INFO       the 211th batch, loss is: 0.76768172   
INFO       the 212th batch, loss is: 0.65876049   
INFO       the 213th batch, loss is: 0.72416359   
INFO       the 214th batch, loss is: 0.65384686   
INFO       the 215th batch, loss is: 0.7948696    
INFO       the 216th batch, loss is: 0.93467313   
INFO       the 217th batch, loss is: 0.38754171   
INFO       the 218th batch, loss is: 1.24281156   
INFO       the 219th batch, loss is: 0.63410062   
INFO       the 220th batch, loss is: 0.92242008   
INFO       the 221th batch, loss is: 0.8051253    
INFO       the 222th batch, loss is: 0.96533573   
INFO       the 223th batch, loss is: 0.82050723   
INFO Val  Accuracy :0.787
INFO Test Accuracy :0.754
INFO Epoch: 7
INFO       the 224th batch, loss is: 0.88957751   
INFO       the 225th batch, loss is: 0.7942698    
INFO       the 226th batch, loss is: 0.73046142   
INFO       the 227th batch, loss is: 0.84386647   
INFO       the 228th batch, loss is: 0.4908945    
INFO       the 229th batch, loss is: 0.5877111    
INFO       the 230th batch, loss is: 0.78079081   
INFO       the 231th batch, loss is: 0.84508103   
INFO       the 232th batch, loss is: 0.35413235   
INFO       the 233th batch, loss is: 0.96132046   
INFO       the 234th batch, loss is: 0.43460652   
INFO       the 235th batch, loss is: 0.53080946   
INFO       the 236th batch, loss is: 0.49267781   
INFO       the 237th batch, loss is: 0.78005296   
INFO       the 238th batch, loss is: 0.58019984   
INFO       the 239th batch, loss is: 0.86224872   
INFO       the 240th batch, loss is: 0.95380771   
INFO       the 241th batch, loss is: 0.98317528   
INFO       the 242th batch, loss is: 0.53261566   
INFO       the 243th batch, loss is: 0.88118279   
INFO       the 244th batch, loss is: 1.12870705   
INFO       the 245th batch, loss is: 0.4769848    
INFO       the 246th batch, loss is: 0.57337713   
INFO       the 247th batch, loss is: 0.52059382   
INFO       the 248th batch, loss is: 0.31027707   
INFO       the 249th batch, loss is: 0.97303289   
INFO       the 250th batch, loss is: 0.71888274   
INFO       the 251th batch, loss is: 0.56680524   
INFO       the 252th batch, loss is: 0.51022649   
INFO       the 253th batch, loss is: 0.87596017   
INFO       the 254th batch, loss is: 1.01684237   
INFO       the 255th batch, loss is: 0.40439317   
INFO Val  Accuracy :0.781
INFO Test Accuracy :0.753
INFO Epoch: 8
INFO       the 256th batch, loss is: 1.00963068   
INFO       the 257th batch, loss is: 0.74658632   
INFO       the 258th batch, loss is: 0.48488203   
INFO       the 259th batch, loss is: 0.4283317    
INFO       the 260th batch, loss is: 0.72716129   
INFO       the 261th batch, loss is: 0.53005087   
INFO       the 262th batch, loss is: 0.77462673   
INFO       the 263th batch, loss is: 0.74413413   
INFO       the 264th batch, loss is: 0.77604604   
INFO       the 265th batch, loss is: 0.68342078   
INFO       the 266th batch, loss is: 1.22905493   
INFO       the 267th batch, loss is: 0.56532991   
INFO       the 268th batch, loss is: 0.84590483   
INFO       the 269th batch, loss is: 0.55917305   
INFO       the 270th batch, loss is: 0.4790436    
INFO       the 271th batch, loss is: 0.76170647   
INFO       the 272th batch, loss is: 0.50279886   
INFO       the 273th batch, loss is: 0.90916026   
INFO       the 274th batch, loss is: 0.7699374    
INFO       the 275th batch, loss is: 0.75195897   
INFO       the 276th batch, loss is: 0.72745532   
INFO       the 277th batch, loss is: 0.87148976   
INFO       the 278th batch, loss is: 0.77479702   
INFO       the 279th batch, loss is: 0.69137508   
INFO       the 280th batch, loss is: 0.54304039   
INFO       the 281th batch, loss is: 0.47765136   
INFO       the 282th batch, loss is: 0.58475024   
INFO       the 283th batch, loss is: 0.42538023   
INFO       the 284th batch, loss is: 0.80017984   
INFO       the 285th batch, loss is: 0.44664392   
INFO       the 286th batch, loss is: 0.79757845   
INFO       the 287th batch, loss is: 0.514759     
INFO Val  Accuracy :0.781
INFO Test Accuracy :0.753
INFO Epoch: 9
INFO       the 288th batch, loss is: 0.62215      
INFO       the 289th batch, loss is: 1.11887646   
INFO       the 290th batch, loss is: 0.60008514   
INFO       the 291th batch, loss is: 0.37234449   
INFO       the 292th batch, loss is: 0.7627722    
INFO       the 293th batch, loss is: 0.48157763   
INFO       the 294th batch, loss is: 1.18005323   
INFO       the 295th batch, loss is: 0.41077837   
INFO       the 296th batch, loss is: 0.49399883   
INFO       the 297th batch, loss is: 0.51667869   
INFO       the 298th batch, loss is: 0.52458662   
INFO       the 299th batch, loss is: 0.91771948   
INFO       the 300th batch, loss is: 0.85929388   
INFO       the 301th batch, loss is: 0.74451661   
INFO       the 302th batch, loss is: 0.49124038   
INFO       the 303th batch, loss is: 0.58984685   
INFO       the 304th batch, loss is: 0.56038719   
INFO       the 305th batch, loss is: 0.71053326   
INFO       the 306th batch, loss is: 0.72528547   
INFO       the 307th batch, loss is: 0.929739     
INFO       the 308th batch, loss is: 0.7613095    
INFO       the 309th batch, loss is: 0.7573936    
INFO       the 310th batch, loss is: 0.36585698   
INFO       the 311th batch, loss is: 0.64462948   
INFO       the 312th batch, loss is: 0.8364867    
INFO       the 313th batch, loss is: 0.5513885    
INFO       the 314th batch, loss is: 0.882469     
INFO       the 315th batch, loss is: 0.64175171   
INFO       the 316th batch, loss is: 0.87393785   
INFO       the 317th batch, loss is: 0.96939003   
INFO       the 318th batch, loss is: 0.72192919   
INFO       the 319th batch, loss is: 0.42493176   
INFO Val  Accuracy :0.775
INFO Test Accuracy :0.757
INFO Epoch: 10
INFO       the 320th batch, loss is: 0.41613078   
INFO       the 321th batch, loss is: 0.27763385   
INFO       the 322th batch, loss is: 0.50181884   
INFO       the 323th batch, loss is: 0.37588745   
INFO       the 324th batch, loss is: 0.93805408   
INFO       the 325th batch, loss is: 0.50772476   
INFO       the 326th batch, loss is: 0.56994021   
INFO       the 327th batch, loss is: 0.88504404   
INFO       the 328th batch, loss is: 0.66629601   
INFO       the 329th batch, loss is: 0.65988934   
INFO       the 330th batch, loss is: 0.35472587   
INFO       the 331th batch, loss is: 0.55331075   
INFO       the 332th batch, loss is: 0.65635878   
INFO       the 333th batch, loss is: 0.91577148   
INFO       the 334th batch, loss is: 0.57500535   
INFO       the 335th batch, loss is: 0.83966494   
INFO       the 336th batch, loss is: 0.43283477   
INFO       the 337th batch, loss is: 0.38846061   
INFO       the 338th batch, loss is: 1.10248196   
INFO       the 339th batch, loss is: 1.05001664   
INFO       the 340th batch, loss is: 0.89669746   
INFO       the 341th batch, loss is: 0.77435684   
INFO       the 342th batch, loss is: 0.77137035   
INFO       the 343th batch, loss is: 0.90592015   
INFO       the 344th batch, loss is: 0.9451099    
INFO       the 345th batch, loss is: 0.55932689   
INFO       the 346th batch, loss is: 0.75911331   
INFO       the 347th batch, loss is: 0.47410011   
INFO       the 348th batch, loss is: 0.66050643   
INFO       the 349th batch, loss is: 0.56623483   
INFO       the 350th batch, loss is: 0.75340718   
INFO       the 351th batch, loss is: 0.66305369   
INFO Val  Accuracy :0.775
INFO Test Accuracy :0.75
INFO Epoch: 11
INFO       the 352th batch, loss is: 1.09866071   
INFO       the 353th batch, loss is: 0.63740915   
INFO       the 354th batch, loss is: 0.77016777   
INFO       the 355th batch, loss is: 0.73740518   
INFO       the 356th batch, loss is: 0.79873389   
INFO       the 357th batch, loss is: 0.5412851    
INFO       the 358th batch, loss is: 0.75284928   
INFO       the 359th batch, loss is: 0.58531547   
INFO       the 360th batch, loss is: 1.0379014    
INFO       the 361th batch, loss is: 0.68019646   
INFO       the 362th batch, loss is: 1.22263479   
INFO       the 363th batch, loss is: 0.78657568   
INFO       the 364th batch, loss is: 0.93703723   
INFO       the 365th batch, loss is: 0.97253621   
INFO       the 366th batch, loss is: 0.70912224   
INFO       the 367th batch, loss is: 0.72704184   
INFO       the 368th batch, loss is: 0.86795861   
INFO       the 369th batch, loss is: 0.58326435   
INFO       the 370th batch, loss is: 0.53974342   
INFO       the 371th batch, loss is: 0.82992494   
INFO       the 372th batch, loss is: 0.73246038   
INFO       the 373th batch, loss is: 0.54815137   
INFO       the 374th batch, loss is: 0.64672822   
INFO       the 375th batch, loss is: 0.28998998   
INFO       the 376th batch, loss is: 0.65358877   
INFO       the 377th batch, loss is: 0.80617368   
INFO       the 378th batch, loss is: 0.70212936   
INFO       the 379th batch, loss is: 0.80527806   
INFO       the 380th batch, loss is: 0.45202649   
INFO       the 381th batch, loss is: 0.89533746   
INFO       the 382th batch, loss is: 0.7980569    
INFO       the 383th batch, loss is: 0.69114393   
INFO Val  Accuracy :0.78
INFO Test Accuracy :0.752
INFO Epoch: 12
INFO       the 384th batch, loss is: 1.06922519   
INFO       the 385th batch, loss is: 0.40474615   
INFO       the 386th batch, loss is: 0.38752398   
INFO       the 387th batch, loss is: 0.81917763   
INFO       the 388th batch, loss is: 0.64785689   
INFO       the 389th batch, loss is: 0.67538518   
INFO       the 390th batch, loss is: 0.4043051    
INFO       the 391th batch, loss is: 0.23809358   
INFO       the 392th batch, loss is: 0.67937744   
INFO       the 393th batch, loss is: 0.82831174   
INFO       the 394th batch, loss is: 0.95088685   
INFO       the 395th batch, loss is: 0.79233468   
INFO       the 396th batch, loss is: 0.48154619   
INFO       the 397th batch, loss is: 0.68433255   
INFO       the 398th batch, loss is: 0.56710947   
INFO       the 399th batch, loss is: 0.98699355   
INFO       the 400th batch, loss is: 0.72777212   
INFO       the 401th batch, loss is: 0.57841408   
INFO       the 402th batch, loss is: 0.4906683    
INFO       the 403th batch, loss is: 0.57168758   
INFO       the 404th batch, loss is: 0.94789457   
INFO       the 405th batch, loss is: 0.50935334   
INFO       the 406th batch, loss is: 0.65409434   
INFO       the 407th batch, loss is: 0.4071703    
INFO       the 408th batch, loss is: 0.66827691   
INFO       the 409th batch, loss is: 1.50193512   
INFO       the 410th batch, loss is: 1.12780595   
INFO       the 411th batch, loss is: 0.67925334   
INFO       the 412th batch, loss is: 0.37887168   
INFO       the 413th batch, loss is: 0.46395388   
INFO       the 414th batch, loss is: 0.5674094    
INFO       the 415th batch, loss is: 0.84319824   
INFO Val  Accuracy :0.776
INFO Test Accuracy :0.752
INFO Epoch: 13
INFO       the 416th batch, loss is: 0.692191     
INFO       the 417th batch, loss is: 0.71815437   
INFO       the 418th batch, loss is: 0.83719349   
INFO       the 419th batch, loss is: 0.72011209   
INFO       the 420th batch, loss is: 1.05998611   
INFO       the 421th batch, loss is: 0.75143683   
INFO       the 422th batch, loss is: 0.75422037   
INFO       the 423th batch, loss is: 0.77215648   
INFO       the 424th batch, loss is: 0.56969571   
INFO       the 425th batch, loss is: 1.00139785   
INFO       the 426th batch, loss is: 0.58342808   
INFO       the 427th batch, loss is: 0.63254368   
INFO       the 428th batch, loss is: 0.34475547   
INFO       the 429th batch, loss is: 0.43974563   
INFO       the 430th batch, loss is: 1.13213968   
INFO       the 431th batch, loss is: 0.59322459   
INFO       the 432th batch, loss is: 0.57533568   
INFO       the 433th batch, loss is: 0.46983492   
INFO       the 434th batch, loss is: 0.67394382   
INFO       the 435th batch, loss is: 0.39474684   
INFO       the 436th batch, loss is: 0.82199991   
INFO       the 437th batch, loss is: 0.40064412   
INFO       the 438th batch, loss is: 0.92483431   
INFO       the 439th batch, loss is: 1.04322505   
INFO       the 440th batch, loss is: 0.70309389   
INFO       the 441th batch, loss is: 0.99370921   
INFO       the 442th batch, loss is: 0.36223191   
INFO       the 443th batch, loss is: 0.55687666   
INFO       the 444th batch, loss is: 0.39526781   
INFO       the 445th batch, loss is: 0.63674468   
INFO       the 446th batch, loss is: 1.10387647   
INFO       the 447th batch, loss is: 0.75355303   
INFO Val  Accuracy :0.775
INFO Test Accuracy :0.753
INFO Epoch: 14
INFO       the 448th batch, loss is: 0.82654798   
INFO       the 449th batch, loss is: 0.48729295   
INFO       the 450th batch, loss is: 0.7665621    
INFO       the 451th batch, loss is: 0.36142319   
INFO       the 452th batch, loss is: 0.76822042   
INFO       the 453th batch, loss is: 0.76160491   
INFO       the 454th batch, loss is: 0.45537853   
INFO       the 455th batch, loss is: 0.92941356   
INFO       the 456th batch, loss is: 0.32088444   
INFO       the 457th batch, loss is: 0.86591184   
INFO       the 458th batch, loss is: 0.3938691    
INFO       the 459th batch, loss is: 0.54863745   
INFO       the 460th batch, loss is: 0.64277995   
INFO       the 461th batch, loss is: 0.52174228   
INFO       the 462th batch, loss is: 0.40812516   
INFO       the 463th batch, loss is: 0.84545642   
INFO       the 464th batch, loss is: 0.65930533   
INFO       the 465th batch, loss is: 0.71032852   
INFO       the 466th batch, loss is: 0.46379599   
INFO       the 467th batch, loss is: 0.63987583   
INFO       the 468th batch, loss is: 0.28387493   
INFO       the 469th batch, loss is: 0.8711195    
INFO       the 470th batch, loss is: 0.43058401   
INFO       the 471th batch, loss is: 0.48453963   
INFO       the 472th batch, loss is: 0.70463997   
INFO       the 473th batch, loss is: 0.9402796    
INFO       the 474th batch, loss is: 1.4097321    
INFO       the 475th batch, loss is: 0.77721792   
INFO       the 476th batch, loss is: 0.64796615   
INFO       the 477th batch, loss is: 1.05113101   
INFO       the 478th batch, loss is: 1.09140158   
INFO       the 479th batch, loss is: 1.05549896   
INFO Val  Accuracy :0.785
INFO Test Accuracy :0.759
INFO Epoch: 15
INFO       the 480th batch, loss is: 0.53772604   
INFO       the 481th batch, loss is: 0.58035618   
INFO       the 482th batch, loss is: 0.38043475   
INFO       the 483th batch, loss is: 0.55544347   
INFO       the 484th batch, loss is: 0.52010208   
INFO       the 485th batch, loss is: 0.32921249   
INFO       the 486th batch, loss is: 0.29425481   
INFO       the 487th batch, loss is: 0.68219513   
INFO       the 488th batch, loss is: 0.54036713   
INFO       the 489th batch, loss is: 0.7252304    
INFO       the 490th batch, loss is: 0.61126369   
INFO       the 491th batch, loss is: 0.65725285   
INFO       the 492th batch, loss is: 0.41699326   
INFO       the 493th batch, loss is: 0.55005819   
INFO       the 494th batch, loss is: 0.92000598   
INFO       the 495th batch, loss is: 0.53666031   
INFO       the 496th batch, loss is: 0.81063831   
INFO       the 497th batch, loss is: 0.70092756   
INFO       the 498th batch, loss is: 0.73086548   
INFO       the 499th batch, loss is: 0.7333256    
INFO       the 500th batch, loss is: 0.27031773   
INFO       the 501th batch, loss is: 0.76252306   
INFO       the 502th batch, loss is: 0.63871551   
INFO       the 503th batch, loss is: 0.81566322   
INFO       the 504th batch, loss is: 0.73126984   
INFO       the 505th batch, loss is: 0.69446766   
INFO       the 506th batch, loss is: 0.82803613   
INFO       the 507th batch, loss is: 0.78931397   
INFO       the 508th batch, loss is: 0.73053616   
INFO       the 509th batch, loss is: 0.82834697   
INFO       the 510th batch, loss is: 0.71628451   
INFO       the 511th batch, loss is: 0.53863919   
INFO Val  Accuracy :0.789
INFO Test Accuracy :0.756
INFO Epoch: 16
INFO       the 512th batch, loss is: 0.96850026   
INFO       the 513th batch, loss is: 0.46050066   
INFO       the 514th batch, loss is: 1.30730116   
INFO       the 515th batch, loss is: 0.24076137   
INFO       the 516th batch, loss is: 0.51231694   
INFO       the 517th batch, loss is: 1.02227032   
INFO       the 518th batch, loss is: 0.63628668   
INFO       the 519th batch, loss is: 0.66347933   
INFO       the 520th batch, loss is: 0.66182768   
INFO       the 521th batch, loss is: 0.64470994   
INFO       the 522th batch, loss is: 0.33042926   
INFO       the 523th batch, loss is: 0.85739291   
INFO       the 524th batch, loss is: 0.72667921   
INFO       the 525th batch, loss is: 0.48368302   
INFO       the 526th batch, loss is: 0.45425323   
INFO       the 527th batch, loss is: 0.73735601   
INFO       the 528th batch, loss is: 0.7021246    
INFO       the 529th batch, loss is: 0.59014702   
INFO       the 530th batch, loss is: 0.54346794   
INFO       the 531th batch, loss is: 0.88232517   
INFO       the 532th batch, loss is: 0.46713841   
INFO       the 533th batch, loss is: 0.56997728   
INFO       the 534th batch, loss is: 0.46951517   
INFO       the 535th batch, loss is: 0.37028122   
INFO       the 536th batch, loss is: 1.00351954   
INFO       the 537th batch, loss is: 0.64668423   
INFO       the 538th batch, loss is: 0.31888878   
INFO       the 539th batch, loss is: 0.73554683   
INFO       the 540th batch, loss is: 0.6757642    
INFO       the 541th batch, loss is: 0.47070974   
INFO       the 542th batch, loss is: 0.77676803   
INFO       the 543th batch, loss is: 0.34869409   
INFO Val  Accuracy :0.791
INFO Test Accuracy :0.76
INFO Epoch: 17
INFO       the 544th batch, loss is: 0.60625625   
INFO       the 545th batch, loss is: 0.27623162   
INFO       the 546th batch, loss is: 0.50192821   
INFO       the 547th batch, loss is: 0.28214967   
INFO       the 548th batch, loss is: 0.41421121   
INFO       the 549th batch, loss is: 0.42105064   
INFO       the 550th batch, loss is: 0.61043113   
INFO       the 551th batch, loss is: 0.68019348   
INFO       the 552th batch, loss is: 0.22271456   
INFO       the 553th batch, loss is: 0.56116426   
INFO       the 554th batch, loss is: 0.44634134   
INFO       the 555th batch, loss is: 0.64806682   
INFO       the 556th batch, loss is: 0.58980167   
INFO       the 557th batch, loss is: 0.65748107   
INFO       the 558th batch, loss is: 0.38813198   
INFO       the 559th batch, loss is: 0.55648279   
INFO       the 560th batch, loss is: 0.98185557   
INFO       the 561th batch, loss is: 0.43130252   
INFO       the 562th batch, loss is: 0.54424495   
INFO       the 563th batch, loss is: 0.46052048   
INFO       the 564th batch, loss is: 0.41695583   
INFO       the 565th batch, loss is: 0.45922598   
INFO       the 566th batch, loss is: 0.34386668   
INFO       the 567th batch, loss is: 0.52341044   
INFO       the 568th batch, loss is: 1.08661389   
INFO       the 569th batch, loss is: 0.74836969   
INFO       the 570th batch, loss is: 0.83379745   
INFO       the 571th batch, loss is: 0.62245464   
INFO       the 572th batch, loss is: 0.4747431    
INFO       the 573th batch, loss is: 1.18216717   
INFO       the 574th batch, loss is: 0.47546142   
INFO       the 575th batch, loss is: 0.61591673   
INFO Val  Accuracy :0.79
INFO Test Accuracy :0.764
INFO Epoch: 18
INFO       the 576th batch, loss is: 0.67606562   
INFO       the 577th batch, loss is: 0.15710557   
INFO       the 578th batch, loss is: 0.39305136   
INFO       the 579th batch, loss is: 0.69967705   
INFO       the 580th batch, loss is: 0.55850947   
INFO       the 581th batch, loss is: 0.90812367   
INFO       the 582th batch, loss is: 0.44850835   
INFO       the 583th batch, loss is: 0.60675955   
INFO       the 584th batch, loss is: 0.79944223   
INFO       the 585th batch, loss is: 0.66249597   
INFO       the 586th batch, loss is: 0.31439391   
INFO       the 587th batch, loss is: 0.67036963   
INFO       the 588th batch, loss is: 0.54577899   
INFO       the 589th batch, loss is: 0.40824956   
INFO       the 590th batch, loss is: 0.53502566   
INFO       the 591th batch, loss is: 0.65502828   
INFO       the 592th batch, loss is: 1.46259105   
INFO       the 593th batch, loss is: 0.63709092   
INFO       the 594th batch, loss is: 0.80106682   
INFO       the 595th batch, loss is: 0.42741343   
INFO       the 596th batch, loss is: 0.7106086    
INFO       the 597th batch, loss is: 0.47517851   
INFO       the 598th batch, loss is: 0.61937016   
INFO       the 599th batch, loss is: 0.89940029   
INFO       the 600th batch, loss is: 0.48942167   
INFO       the 601th batch, loss is: 0.99483806   
INFO       the 602th batch, loss is: 0.67116559   
INFO       the 603th batch, loss is: 0.83955371   
INFO       the 604th batch, loss is: 0.62239373   
INFO       the 605th batch, loss is: 1.22877884   
INFO       the 606th batch, loss is: 0.48709565   
INFO       the 607th batch, loss is: 0.7477597    
INFO Val  Accuracy :0.786
INFO Test Accuracy :0.763
INFO Epoch: 19
INFO       the 608th batch, loss is: 0.48279068   
INFO       the 609th batch, loss is: 0.54298538   
INFO       the 610th batch, loss is: 0.64168882   
INFO       the 611th batch, loss is: 0.43431237   
INFO       the 612th batch, loss is: 0.67347538   
INFO       the 613th batch, loss is: 0.37283254   
INFO       the 614th batch, loss is: 0.28512639   
INFO       the 615th batch, loss is: 0.49216062   
INFO       the 616th batch, loss is: 0.83485699   
INFO       the 617th batch, loss is: 0.52769518   
INFO       the 618th batch, loss is: 0.75106227   
INFO       the 619th batch, loss is: 0.90370452   
INFO       the 620th batch, loss is: 0.61989892   
INFO       the 621th batch, loss is: 0.82872111   
INFO       the 622th batch, loss is: 0.6897918    
INFO       the 623th batch, loss is: 0.24487041   
INFO       the 624th batch, loss is: 1.05360591   
INFO       the 625th batch, loss is: 0.14663562   
INFO       the 626th batch, loss is: 0.65672827   
INFO       the 627th batch, loss is: 0.65789783   
INFO       the 628th batch, loss is: 0.48471659   
INFO       the 629th batch, loss is: 0.57832587   
INFO       the 630th batch, loss is: 0.37887248   
INFO       the 631th batch, loss is: 0.55745244   
INFO       the 632th batch, loss is: 0.43068871   
INFO       the 633th batch, loss is: 0.7224021    
INFO       the 634th batch, loss is: 1.16007185   
INFO       the 635th batch, loss is: 0.52649617   
INFO       the 636th batch, loss is: 0.52886337   
INFO       the 637th batch, loss is: 0.70915514   
INFO       the 638th batch, loss is: 0.96554524   
INFO       the 639th batch, loss is: 0.55041456   
INFO Val  Accuracy :0.795
INFO Test Accuracy :0.763
INFO Finished training.
