INFO Epoch: 0
INFO         the 0th batch, loss is: 0.40034595   
INFO         the 1th batch, loss is: 0.31914085   
INFO         the 2th batch, loss is: 0.4966484    
INFO         the 3th batch, loss is: 0.47917458   
INFO         the 4th batch, loss is: 0.51035142   
INFO         the 5th batch, loss is: 0.27655146   
INFO         the 6th batch, loss is: 0.50942385   
INFO         the 7th batch, loss is: 0.38545588   
INFO         the 8th batch, loss is: 0.60800415   
INFO         the 9th batch, loss is: 0.55244535   
INFO        the 10th batch, loss is: 0.51168925   
INFO        the 11th batch, loss is: 0.72788614   
INFO        the 12th batch, loss is: 0.717884     
INFO        the 13th batch, loss is: 0.95923358   
INFO        the 14th batch, loss is: 0.51463205   
INFO        the 15th batch, loss is: 0.89546174   
INFO        the 16th batch, loss is: 0.96396667   
INFO        the 17th batch, loss is: 0.52515769   
INFO        the 18th batch, loss is: 0.79345226   
INFO        the 19th batch, loss is: 0.29436606   
INFO        the 20th batch, loss is: 0.69425201   
INFO        the 21th batch, loss is: 0.61138427   
INFO        the 22th batch, loss is: 0.40420744   
INFO        the 23th batch, loss is: 0.46908399   
INFO        the 24th batch, loss is: 0.92367417   
INFO        the 25th batch, loss is: 0.39767969   
INFO        the 26th batch, loss is: 0.3994098    
INFO        the 27th batch, loss is: 0.59469754   
INFO        the 28th batch, loss is: 0.49849263   
INFO        the 29th batch, loss is: 0.29505199   
INFO        the 30th batch, loss is: 0.63436067   
INFO        the 31th batch, loss is: 0.3416512    
INFO Val  Accuracy :0.793
INFO Test Accuracy :0.758
INFO Epoch: 1
INFO        the 32th batch, loss is: 0.46720317   
INFO        the 33th batch, loss is: 0.38417122   
INFO        the 34th batch, loss is: 0.4148069    
INFO        the 35th batch, loss is: 0.95036477   
INFO        the 36th batch, loss is: 0.55227166   
INFO        the 37th batch, loss is: 0.76048183   
INFO        the 38th batch, loss is: 0.64933914   
INFO        the 39th batch, loss is: 0.50223571   
INFO        the 40th batch, loss is: 0.63698035   
INFO        the 41th batch, loss is: 0.48712936   
INFO        the 42th batch, loss is: 0.62558931   
INFO        the 43th batch, loss is: 0.37848148   
INFO        the 44th batch, loss is: 0.29929158   
INFO        the 45th batch, loss is: 0.78595704   
INFO        the 46th batch, loss is: 0.78025007   
INFO        the 47th batch, loss is: 0.62107515   
INFO        the 48th batch, loss is: 0.64962512   
INFO        the 49th batch, loss is: 0.6236729    
INFO        the 50th batch, loss is: 0.61723018   
INFO        the 51th batch, loss is: 0.41301265   
INFO        the 52th batch, loss is: 0.70756024   
INFO        the 53th batch, loss is: 0.67442268   
INFO        the 54th batch, loss is: 0.32643327   
INFO        the 55th batch, loss is: 0.60976589   
INFO        the 56th batch, loss is: 0.54872954   
INFO        the 57th batch, loss is: 0.40284711   
INFO        the 58th batch, loss is: 0.48643088   
INFO        the 59th batch, loss is: 0.49602816   
INFO        the 60th batch, loss is: 0.48941725   
INFO        the 61th batch, loss is: 0.51476443   
INFO        the 62th batch, loss is: 0.465471     
INFO        the 63th batch, loss is: 0.47502178   
INFO Val  Accuracy :0.792
INFO Test Accuracy :0.765
INFO Epoch: 2
INFO        the 64th batch, loss is: 0.43057653   
INFO        the 65th batch, loss is: 0.81016672   
INFO        the 66th batch, loss is: 0.59329021   
INFO        the 67th batch, loss is: 0.65785229   
INFO        the 68th batch, loss is: 0.24321789   
INFO        the 69th batch, loss is: 0.36456743   
INFO        the 70th batch, loss is: 0.61750972   
INFO        the 71th batch, loss is: 0.46277714   
INFO        the 72th batch, loss is: 0.63201869   
INFO        the 73th batch, loss is: 0.34472314   
INFO        the 74th batch, loss is: 0.60202545   
INFO        the 75th batch, loss is: 0.35349786   
INFO        the 76th batch, loss is: 0.44635433   
INFO        the 77th batch, loss is: 0.98217714   
INFO        the 78th batch, loss is: 0.24828324   
INFO        the 79th batch, loss is: 0.36285299   
INFO        the 80th batch, loss is: 0.41523018   
INFO        the 81th batch, loss is: 0.77156955   
INFO        the 82th batch, loss is: 0.67261636   
INFO        the 83th batch, loss is: 0.41801915   
INFO        the 84th batch, loss is: 0.28709218   
INFO        the 85th batch, loss is: 0.51955473   
INFO        the 86th batch, loss is: 0.56259799   
INFO        the 87th batch, loss is: 0.67337388   
INFO        the 88th batch, loss is: 0.78315318   
INFO        the 89th batch, loss is: 0.65540147   
INFO        the 90th batch, loss is: 1.07996774   
INFO        the 91th batch, loss is: 0.67371148   
INFO        the 92th batch, loss is: 0.62205148   
INFO        the 93th batch, loss is: 0.59996486   
INFO        the 94th batch, loss is: 0.75162041   
INFO        the 95th batch, loss is: 0.46418932   
INFO Val  Accuracy :0.79
INFO Test Accuracy :0.757
INFO Epoch: 3
INFO        the 96th batch, loss is: 0.53878212   
INFO        the 97th batch, loss is: 0.89106607   
INFO        the 98th batch, loss is: 0.43659392   
INFO        the 99th batch, loss is: 0.60383993   
INFO       the 100th batch, loss is: 0.26289257   
INFO       the 101th batch, loss is: 0.47610787   
INFO       the 102th batch, loss is: 0.48455131   
INFO       the 103th batch, loss is: 0.9390105    
INFO       the 104th batch, loss is: 0.58771789   
INFO       the 105th batch, loss is: 0.71555114   
INFO       the 106th batch, loss is: 0.67969108   
INFO       the 107th batch, loss is: 0.7073167    
INFO       the 108th batch, loss is: 1.18271577   
INFO       the 109th batch, loss is: 0.37158129   
INFO       the 110th batch, loss is: 0.39978519   
INFO       the 111th batch, loss is: 0.76493287   
INFO       the 112th batch, loss is: 0.54040086   
INFO       the 113th batch, loss is: 0.31805032   
INFO       the 114th batch, loss is: 0.93487263   
INFO       the 115th batch, loss is: 0.57739937   
INFO       the 116th batch, loss is: 0.59802967   
INFO       the 117th batch, loss is: 0.50562942   
INFO       the 118th batch, loss is: 0.63425243   
INFO       the 119th batch, loss is: 0.28623292   
INFO       the 120th batch, loss is: 0.37807432   
INFO       the 121th batch, loss is: 0.43389541   
INFO       the 122th batch, loss is: 0.7501412    
INFO       the 123th batch, loss is: 0.70711869   
INFO       the 124th batch, loss is: 0.80036867   
INFO       the 125th batch, loss is: 0.46704376   
INFO       the 126th batch, loss is: 0.43250075   
INFO       the 127th batch, loss is: 0.43069935   
INFO Val  Accuracy :0.784
INFO Test Accuracy :0.754
INFO Epoch: 4
INFO       the 128th batch, loss is: 0.53257418   
INFO       the 129th batch, loss is: 0.51947629   
INFO       the 130th batch, loss is: 0.68034697   
INFO       the 131th batch, loss is: 0.46823552   
INFO       the 132th batch, loss is: 0.60040337   
INFO       the 133th batch, loss is: 0.38251331   
INFO       the 134th batch, loss is: 0.98596716   
INFO       the 135th batch, loss is: 0.54492974   
INFO       the 136th batch, loss is: 0.32700372   
INFO       the 137th batch, loss is: 0.59194666   
INFO       the 138th batch, loss is: 0.48291576   
INFO       the 139th batch, loss is: 0.39299095   
INFO       the 140th batch, loss is: 0.61115915   
INFO       the 141th batch, loss is: 0.31440395   
INFO       the 142th batch, loss is: 0.61122882   
INFO       the 143th batch, loss is: 0.97261608   
INFO       the 144th batch, loss is: 0.71968573   
INFO       the 145th batch, loss is: 0.42189887   
INFO       the 146th batch, loss is: 0.38835105   
INFO       the 147th batch, loss is: 0.35874695   
INFO       the 148th batch, loss is: 0.78687084   
INFO       the 149th batch, loss is: 0.74287635   
INFO       the 150th batch, loss is: 0.84216607   
INFO       the 151th batch, loss is: 0.78840607   
INFO       the 152th batch, loss is: 0.20153962   
INFO       the 153th batch, loss is: 0.50024283   
INFO       the 154th batch, loss is: 0.40486047   
INFO       the 155th batch, loss is: 0.70732403   
INFO       the 156th batch, loss is: 0.79788262   
INFO       the 157th batch, loss is: 0.6143533    
INFO       the 158th batch, loss is: 0.56645507   
INFO       the 159th batch, loss is: 0.26900786   
INFO Val  Accuracy :0.791
INFO Test Accuracy :0.763
INFO Epoch: 5
INFO       the 160th batch, loss is: 0.57547385   
INFO       the 161th batch, loss is: 0.66917074   
INFO       the 162th batch, loss is: 0.6479587    
INFO       the 163th batch, loss is: 0.58598232   
INFO       the 164th batch, loss is: 0.57676107   
INFO       the 165th batch, loss is: 0.45109862   
INFO       the 166th batch, loss is: 0.48007375   
INFO       the 167th batch, loss is: 0.56680083   
INFO       the 168th batch, loss is: 0.54641849   
INFO       the 169th batch, loss is: 0.79535556   
INFO       the 170th batch, loss is: 0.29480323   
INFO       the 171th batch, loss is: 0.43839523   
INFO       the 172th batch, loss is: 0.49193347   
INFO       the 173th batch, loss is: 0.5034858    
INFO       the 174th batch, loss is: 0.73827654   
INFO       the 175th batch, loss is: 0.71421772   
INFO       the 176th batch, loss is: 0.58763671   
INFO       the 177th batch, loss is: 0.5176456    
INFO       the 178th batch, loss is: 0.78206027   
INFO       the 179th batch, loss is: 0.57513547   
INFO       the 180th batch, loss is: 0.60636431   
INFO       the 181th batch, loss is: 0.54531616   
INFO       the 182th batch, loss is: 0.43150556   
INFO       the 183th batch, loss is: 0.27330258   
INFO       the 184th batch, loss is: 0.58241218   
INFO       the 185th batch, loss is: 0.31766063   
INFO       the 186th batch, loss is: 0.58898878   
INFO       the 187th batch, loss is: 0.80233395   
INFO       the 188th batch, loss is: 0.65758133   
INFO       the 189th batch, loss is: 0.67510855   
INFO       the 190th batch, loss is: 0.56449568   
INFO       the 191th batch, loss is: 0.86174285   
INFO Val  Accuracy :0.787
INFO Test Accuracy :0.766
INFO Epoch: 6
INFO       the 192th batch, loss is: 0.35661796   
INFO       the 193th batch, loss is: 0.77120471   
INFO       the 194th batch, loss is: 0.82350028   
INFO       the 195th batch, loss is: 0.91743416   
INFO       the 196th batch, loss is: 0.66191709   
INFO       the 197th batch, loss is: 0.73206842   
INFO       the 198th batch, loss is: 0.64169323   
INFO       the 199th batch, loss is: 0.5513767    
INFO       the 200th batch, loss is: 0.4612681    
INFO       the 201th batch, loss is: 0.48863599   
INFO       the 202th batch, loss is: 0.72768956   
INFO       the 203th batch, loss is: 0.70839584   
INFO       the 204th batch, loss is: 0.75070477   
INFO       the 205th batch, loss is: 0.78726071   
INFO       the 206th batch, loss is: 0.92886984   
INFO       the 207th batch, loss is: 0.78117156   
INFO       the 208th batch, loss is: 0.4053137    
INFO       the 209th batch, loss is: 0.32246783   
INFO       the 210th batch, loss is: 0.65015292   
INFO       the 211th batch, loss is: 0.53266793   
INFO       the 212th batch, loss is: 0.58347249   
INFO       the 213th batch, loss is: 0.74964428   
INFO       the 214th batch, loss is: 0.40752575   
INFO       the 215th batch, loss is: 0.38543484   
INFO       the 216th batch, loss is: 0.60105813   
INFO       the 217th batch, loss is: 0.35881403   
INFO       the 218th batch, loss is: 0.57792878   
INFO       the 219th batch, loss is: 0.52296484   
INFO       the 220th batch, loss is: 0.33722919   
INFO       the 221th batch, loss is: 0.43979782   
INFO       the 222th batch, loss is: 1.07429385   
INFO       the 223th batch, loss is: 0.33762231   
INFO Val  Accuracy :0.789
INFO Test Accuracy :0.763
INFO Epoch: 7
INFO       the 224th batch, loss is: 0.55072284   
INFO       the 225th batch, loss is: 0.69579488   
INFO       the 226th batch, loss is: 0.66912675   
INFO       the 227th batch, loss is: 0.3556222    
INFO       the 228th batch, loss is: 0.5050922    
INFO       the 229th batch, loss is: 0.95018309   
INFO       the 230th batch, loss is: 0.37299624   
INFO       the 231th batch, loss is: 0.69259578   
INFO       the 232th batch, loss is: 0.4141233    
INFO       the 233th batch, loss is: 0.67394692   
INFO       the 234th batch, loss is: 0.45417017   
INFO       the 235th batch, loss is: 0.32628623   
INFO       the 236th batch, loss is: 0.60891443   
INFO       the 237th batch, loss is: 0.36007735   
INFO       the 238th batch, loss is: 0.5298444    
INFO       the 239th batch, loss is: 0.93278664   
INFO       the 240th batch, loss is: 0.84751487   
INFO       the 241th batch, loss is: 0.50214344   
INFO       the 242th batch, loss is: 0.44648272   
INFO       the 243th batch, loss is: 0.73616529   
INFO       the 244th batch, loss is: 0.8034445    
INFO       the 245th batch, loss is: 0.54522777   
INFO       the 246th batch, loss is: 0.25172791   
INFO       the 247th batch, loss is: 0.45088881   
INFO       the 248th batch, loss is: 0.66227579   
INFO       the 249th batch, loss is: 0.91489118   
INFO       the 250th batch, loss is: 0.41475439   
INFO       the 251th batch, loss is: 0.53919846   
INFO       the 252th batch, loss is: 0.62042367   
INFO       the 253th batch, loss is: 0.58472598   
INFO       the 254th batch, loss is: 0.42411593   
INFO       the 255th batch, loss is: 0.57767391   
INFO Val  Accuracy :0.794
INFO Test Accuracy :0.764
INFO Epoch: 8
INFO       the 256th batch, loss is: 0.64634621   
INFO       the 257th batch, loss is: 0.25706965   
INFO       the 258th batch, loss is: 0.4476147    
INFO       the 259th batch, loss is: 0.70031214   
INFO       the 260th batch, loss is: 0.45039392   
INFO       the 261th batch, loss is: 0.59125519   
INFO       the 262th batch, loss is: 0.29136881   
INFO       the 263th batch, loss is: 0.99018085   
INFO       the 264th batch, loss is: 0.57160062   
INFO       the 265th batch, loss is: 0.68585819   
INFO       the 266th batch, loss is: 0.66403747   
INFO       the 267th batch, loss is: 0.45157823   
INFO       the 268th batch, loss is: 0.81733894   
INFO       the 269th batch, loss is: 0.41806233   
INFO       the 270th batch, loss is: 0.58604115   
INFO       the 271th batch, loss is: 0.48014328   
INFO       the 272th batch, loss is: 0.27704307   
INFO       the 273th batch, loss is: 0.62628746   
INFO       the 274th batch, loss is: 0.25357684   
INFO       the 275th batch, loss is: 0.82940066   
INFO       the 276th batch, loss is: 0.4108853    
INFO       the 277th batch, loss is: 0.49504098   
INFO       the 278th batch, loss is: 0.67061001   
INFO       the 279th batch, loss is: 0.43132597   
INFO       the 280th batch, loss is: 0.29552135   
INFO       the 281th batch, loss is: 0.84627366   
INFO       the 282th batch, loss is: 0.49997038   
INFO       the 283th batch, loss is: 0.81857741   
INFO       the 284th batch, loss is: 1.03593695   
INFO       the 285th batch, loss is: 0.67184323   
INFO       the 286th batch, loss is: 0.65301007   
INFO       the 287th batch, loss is: 0.59481901   
INFO Val  Accuracy :0.782
INFO Test Accuracy :0.764
INFO Epoch: 9
INFO       the 288th batch, loss is: 0.4416334    
INFO       the 289th batch, loss is: 0.30981272   
INFO       the 290th batch, loss is: 1.04218936   
INFO       the 291th batch, loss is: 0.68246537   
INFO       the 292th batch, loss is: 0.33372602   
INFO       the 293th batch, loss is: 0.72782075   
INFO       the 294th batch, loss is: 0.61394119   
INFO       the 295th batch, loss is: 0.36896676   
INFO       the 296th batch, loss is: 0.75250286   
INFO       the 297th batch, loss is: 0.88792682   
INFO       the 298th batch, loss is: 0.45843965   
INFO       the 299th batch, loss is: 0.54497266   
INFO       the 300th batch, loss is: 0.77647603   
INFO       the 301th batch, loss is: 0.56946945   
INFO       the 302th batch, loss is: 0.66537976   
INFO       the 303th batch, loss is: 0.43487692   
INFO       the 304th batch, loss is: 0.42798361   
INFO       the 305th batch, loss is: 0.56173486   
INFO       the 306th batch, loss is: 0.53787583   
INFO       the 307th batch, loss is: 0.64362592   
INFO       the 308th batch, loss is: 1.03011858   
INFO       the 309th batch, loss is: 0.60635889   
INFO       the 310th batch, loss is: 0.60842967   
INFO       the 311th batch, loss is: 0.28323394   
INFO       the 312th batch, loss is: 0.43892947   
INFO       the 313th batch, loss is: 0.80324006   
INFO       the 314th batch, loss is: 0.3747009    
INFO       the 315th batch, loss is: 0.57771301   
INFO       the 316th batch, loss is: 0.32953393   
INFO       the 317th batch, loss is: 0.43742701   
INFO       the 318th batch, loss is: 0.64443338   
INFO       the 319th batch, loss is: 0.48561862   
INFO Val  Accuracy :0.781
INFO Test Accuracy :0.765
INFO Finished training.
