INFO Epoch: 0
INFO         the 0th batch, loss is: 0.7594676    
INFO         the 1th batch, loss is: 0.75677264   
INFO         the 2th batch, loss is: 1.14621723   
INFO         the 3th batch, loss is: 0.76701927   
INFO         the 4th batch, loss is: 0.35986555   
INFO         the 5th batch, loss is: 0.20628524   
INFO         the 6th batch, loss is: 0.80605972   
INFO         the 7th batch, loss is: 0.52134538   
INFO         the 8th batch, loss is: 0.44914773   
INFO         the 9th batch, loss is: 0.80940861   
INFO        the 10th batch, loss is: 0.39281675   
INFO        the 11th batch, loss is: 0.44832808   
INFO        the 12th batch, loss is: 0.59660637   
INFO        the 13th batch, loss is: 0.67625856   
INFO        the 14th batch, loss is: 0.42759016   
INFO        the 15th batch, loss is: 0.58972913   
INFO        the 16th batch, loss is: 0.25388885   
INFO        the 17th batch, loss is: 0.63535762   
INFO        the 18th batch, loss is: 1.03537774   
INFO        the 19th batch, loss is: 0.44473797   
INFO        the 20th batch, loss is: 0.85571384   
INFO        the 21th batch, loss is: 0.73976827   
INFO        the 22th batch, loss is: 0.49532223   
INFO        the 23th batch, loss is: 0.65035248   
INFO        the 24th batch, loss is: 0.62656373   
INFO        the 25th batch, loss is: 0.20725134   
INFO        the 26th batch, loss is: 0.60304058   
INFO        the 27th batch, loss is: 0.38033321   
INFO        the 28th batch, loss is: 0.5600394    
INFO        the 29th batch, loss is: 0.49511132   
INFO        the 30th batch, loss is: 0.33545128   
INFO        the 31th batch, loss is: 0.62470597   
INFO Val  Accuracy :0.79
INFO Test Accuracy :0.767
INFO Epoch: 1
INFO        the 32th batch, loss is: 0.83664596   
INFO        the 33th batch, loss is: 0.69131398   
INFO        the 34th batch, loss is: 0.64192986   
INFO        the 35th batch, loss is: 0.53804487   
INFO        the 36th batch, loss is: 0.52006477   
INFO        the 37th batch, loss is: 0.45550832   
INFO        the 38th batch, loss is: 0.98024213   
INFO        the 39th batch, loss is: 0.537745     
INFO        the 40th batch, loss is: 0.66883707   
INFO        the 41th batch, loss is: 0.89059901   
INFO        the 42th batch, loss is: 0.5101189    
INFO        the 43th batch, loss is: 0.4994787    
INFO        the 44th batch, loss is: 0.53190744   
INFO        the 45th batch, loss is: 0.64154565   
INFO        the 46th batch, loss is: 0.37701374   
INFO        the 47th batch, loss is: 0.39999089   
INFO        the 48th batch, loss is: 0.33670539   
INFO        the 49th batch, loss is: 0.56240857   
INFO        the 50th batch, loss is: 0.47801971   
INFO        the 51th batch, loss is: 0.65073228   
INFO        the 52th batch, loss is: 0.64637464   
INFO        the 53th batch, loss is: 0.71917582   
INFO        the 54th batch, loss is: 0.72860903   
INFO        the 55th batch, loss is: 0.51558787   
INFO        the 56th batch, loss is: 0.59457779   
INFO        the 57th batch, loss is: 0.36275005   
INFO        the 58th batch, loss is: 0.41404545   
INFO        the 59th batch, loss is: 0.57236844   
INFO        the 60th batch, loss is: 0.3234745    
INFO        the 61th batch, loss is: 0.68765318   
INFO        the 62th batch, loss is: 0.48908764   
INFO        the 63th batch, loss is: 1.08224416   
INFO Val  Accuracy :0.793
INFO Test Accuracy :0.767
INFO Epoch: 2
INFO        the 64th batch, loss is: 0.47510603   
INFO        the 65th batch, loss is: 0.73437858   
INFO        the 66th batch, loss is: 0.55090469   
INFO        the 67th batch, loss is: 0.75821012   
INFO        the 68th batch, loss is: 0.33505577   
INFO        the 69th batch, loss is: 0.62654078   
INFO        the 70th batch, loss is: 1.01620924   
INFO        the 71th batch, loss is: 0.70485359   
INFO        the 72th batch, loss is: 0.59199172   
INFO        the 73th batch, loss is: 0.68407536   
INFO        the 74th batch, loss is: 0.66473955   
INFO        the 75th batch, loss is: 0.66688454   
INFO        the 76th batch, loss is: 0.53450763   
INFO        the 77th batch, loss is: 0.7118361    
INFO        the 78th batch, loss is: 0.44344854   
INFO        the 79th batch, loss is: 0.71259838   
INFO        the 80th batch, loss is: 0.43778035   
INFO        the 81th batch, loss is: 0.49968696   
INFO        the 82th batch, loss is: 0.5545724    
INFO        the 83th batch, loss is: 0.67287904   
INFO        the 84th batch, loss is: 0.38053605   
INFO        the 85th batch, loss is: 0.58723289   
INFO        the 86th batch, loss is: 0.55792457   
INFO        the 87th batch, loss is: 0.61839914   
INFO        the 88th batch, loss is: 0.49527609   
INFO        the 89th batch, loss is: 0.78007793   
INFO        the 90th batch, loss is: 0.56656706   
INFO        the 91th batch, loss is: 0.76121795   
INFO        the 92th batch, loss is: 0.45962143   
INFO        the 93th batch, loss is: 0.46434805   
INFO        the 94th batch, loss is: 0.63969433   
INFO        the 95th batch, loss is: 0.26989618   
INFO Val  Accuracy :0.792
INFO Test Accuracy :0.773
INFO Epoch: 3
INFO        the 96th batch, loss is: 0.15284328   
INFO        the 97th batch, loss is: 0.51066196   
INFO        the 98th batch, loss is: 0.3975102    
INFO        the 99th batch, loss is: 0.41668192   
INFO       the 100th batch, loss is: 0.73939824   
INFO       the 101th batch, loss is: 0.60103709   
INFO       the 102th batch, loss is: 0.27238771   
INFO       the 103th batch, loss is: 0.54775459   
INFO       the 104th batch, loss is: 0.41775697   
INFO       the 105th batch, loss is: 0.42898589   
INFO       the 106th batch, loss is: 0.46893904   
INFO       the 107th batch, loss is: 1.08277369   
INFO       the 108th batch, loss is: 0.61823416   
INFO       the 109th batch, loss is: 0.60919809   
INFO       the 110th batch, loss is: 0.79556668   
INFO       the 111th batch, loss is: 0.67297828   
INFO       the 112th batch, loss is: 0.34558073   
INFO       the 113th batch, loss is: 0.46794835   
INFO       the 114th batch, loss is: 0.53483272   
INFO       the 115th batch, loss is: 0.40425938   
INFO       the 116th batch, loss is: 0.51278597   
INFO       the 117th batch, loss is: 0.56210893   
INFO       the 118th batch, loss is: 0.2650553    
INFO       the 119th batch, loss is: 0.27637646   
INFO       the 120th batch, loss is: 0.32033521   
INFO       the 121th batch, loss is: 0.88202912   
INFO       the 122th batch, loss is: 0.55844301   
INFO       the 123th batch, loss is: 0.59323913   
INFO       the 124th batch, loss is: 0.37482348   
INFO       the 125th batch, loss is: 0.37868175   
INFO       the 126th batch, loss is: 0.45089042   
INFO       the 127th batch, loss is: 0.23101935   
INFO Val  Accuracy :0.792
INFO Test Accuracy :0.772
INFO Epoch: 4
INFO       the 128th batch, loss is: 0.52499127   
INFO       the 129th batch, loss is: 0.54318064   
INFO       the 130th batch, loss is: 0.48738948   
INFO       the 131th batch, loss is: 0.34272847   
INFO       the 132th batch, loss is: 0.37114993   
INFO       the 133th batch, loss is: 0.80659789   
INFO       the 134th batch, loss is: 0.77863789   
INFO       the 135th batch, loss is: 0.70925039   
INFO       the 136th batch, loss is: 0.68718076   
INFO       the 137th batch, loss is: 0.70784348   
INFO       the 138th batch, loss is: 0.40299174   
INFO       the 139th batch, loss is: 0.34529924   
INFO       the 140th batch, loss is: 0.31946406   
INFO       the 141th batch, loss is: 0.44762337   
INFO       the 142th batch, loss is: 0.15857676   
INFO       the 143th batch, loss is: 0.65525973   
INFO       the 144th batch, loss is: 0.44707078   
INFO       the 145th batch, loss is: 0.48641187   
INFO       the 146th batch, loss is: 0.43638402   
INFO       the 147th batch, loss is: 0.32750452   
INFO       the 148th batch, loss is: 0.55138385   
INFO       the 149th batch, loss is: 0.38681185   
INFO       the 150th batch, loss is: 0.89803255   
INFO       the 151th batch, loss is: 0.42954105   
INFO       the 152th batch, loss is: 0.46632361   
INFO       the 153th batch, loss is: 0.5538283    
INFO       the 154th batch, loss is: 0.40578279   
INFO       the 155th batch, loss is: 0.23032016   
INFO       the 156th batch, loss is: 0.51435399   
INFO       the 157th batch, loss is: 0.73632979   
INFO       the 158th batch, loss is: 0.31559879   
INFO       the 159th batch, loss is: 0.7676118    
INFO Val  Accuracy :0.795
INFO Test Accuracy :0.769
INFO Epoch: 5
INFO       the 160th batch, loss is: 0.36417174   
INFO       the 161th batch, loss is: 0.29272053   
INFO       the 162th batch, loss is: 0.56901824   
INFO       the 163th batch, loss is: 0.53130716   
INFO       the 164th batch, loss is: 0.38483462   
INFO       the 165th batch, loss is: 0.36917949   
INFO       the 166th batch, loss is: 0.49602368   
INFO       the 167th batch, loss is: 0.89105666   
INFO       the 168th batch, loss is: 0.3598963    
INFO       the 169th batch, loss is: 0.2743673    
INFO       the 170th batch, loss is: 0.48679531   
INFO       the 171th batch, loss is: 0.82546455   
INFO       the 172th batch, loss is: 1.00085747   
INFO       the 173th batch, loss is: 0.76925159   
INFO       the 174th batch, loss is: 0.99631804   
INFO       the 175th batch, loss is: 0.46243554   
INFO       the 176th batch, loss is: 0.52753067   
INFO       the 177th batch, loss is: 0.91599923   
INFO       the 178th batch, loss is: 0.46669391   
INFO       the 179th batch, loss is: 0.57659161   
INFO       the 180th batch, loss is: 0.26474372   
INFO       the 181th batch, loss is: 0.51680088   
INFO       the 182th batch, loss is: 0.59337604   
INFO       the 183th batch, loss is: 0.43325892   
INFO       the 184th batch, loss is: 0.29220387   
INFO       the 185th batch, loss is: 0.8507266    
INFO       the 186th batch, loss is: 0.62720603   
INFO       the 187th batch, loss is: 0.7392       
INFO       the 188th batch, loss is: 0.74388266   
INFO       the 189th batch, loss is: 0.42825079   
INFO       the 190th batch, loss is: 0.48330194   
INFO       the 191th batch, loss is: 0.47057495   
INFO Val  Accuracy :0.793
INFO Test Accuracy :0.775
INFO Epoch: 6
INFO       the 192th batch, loss is: 0.69222629   
INFO       the 193th batch, loss is: 0.44006383   
INFO       the 194th batch, loss is: 0.51656848   
INFO       the 195th batch, loss is: 0.64640063   
INFO       the 196th batch, loss is: 0.6385476    
INFO       the 197th batch, loss is: 0.58495784   
INFO       the 198th batch, loss is: 0.34874851   
INFO       the 199th batch, loss is: 0.55136478   
INFO       the 200th batch, loss is: 0.52826226   
INFO       the 201th batch, loss is: 0.2668488    
INFO       the 202th batch, loss is: 0.34853485   
INFO       the 203th batch, loss is: 0.30971259   
INFO       the 204th batch, loss is: 0.57575262   
INFO       the 205th batch, loss is: 0.58401722   
INFO       the 206th batch, loss is: 0.21476114   
INFO       the 207th batch, loss is: 0.58812189   
INFO       the 208th batch, loss is: 0.29591206   
INFO       the 209th batch, loss is: 0.39975601   
INFO       the 210th batch, loss is: 0.81945646   
INFO       the 211th batch, loss is: 0.45216119   
INFO       the 212th batch, loss is: 0.33446535   
INFO       the 213th batch, loss is: 0.45401418   
INFO       the 214th batch, loss is: 0.47356543   
INFO       the 215th batch, loss is: 0.29152381   
INFO       the 216th batch, loss is: 1.13941514   
INFO       the 217th batch, loss is: 0.26328972   
INFO       the 218th batch, loss is: 0.90282947   
INFO       the 219th batch, loss is: 0.29890361   
INFO       the 220th batch, loss is: 0.41520342   
INFO       the 221th batch, loss is: 0.82134628   
INFO       the 222th batch, loss is: 0.53495693   
INFO       the 223th batch, loss is: 0.25981411   
INFO Val  Accuracy :0.798
INFO Test Accuracy :0.771
INFO Epoch: 7
INFO       the 224th batch, loss is: 0.274014     
INFO       the 225th batch, loss is: 1.03292072   
INFO       the 226th batch, loss is: 0.49600589   
INFO       the 227th batch, loss is: 0.4129625    
INFO       the 228th batch, loss is: 0.38865501   
INFO       the 229th batch, loss is: 0.60052872   
INFO       the 230th batch, loss is: 0.48856893   
INFO       the 231th batch, loss is: 0.29131442   
INFO       the 232th batch, loss is: 0.34107161   
INFO       the 233th batch, loss is: 0.65970653   
INFO       the 234th batch, loss is: 0.59929198   
INFO       the 235th batch, loss is: 0.45152891   
INFO       the 236th batch, loss is: 0.60802817   
INFO       the 237th batch, loss is: 0.48517856   
INFO       the 238th batch, loss is: 0.65208828   
INFO       the 239th batch, loss is: 0.64993685   
INFO       the 240th batch, loss is: 0.81790888   
INFO       the 241th batch, loss is: 0.33690494   
INFO       the 242th batch, loss is: 0.24620198   
INFO       the 243th batch, loss is: 0.69840068   
INFO       the 244th batch, loss is: 0.36697119   
INFO       the 245th batch, loss is: 0.35899538   
INFO       the 246th batch, loss is: 0.76491559   
INFO       the 247th batch, loss is: 0.45657337   
INFO       the 248th batch, loss is: 0.63051677   
INFO       the 249th batch, loss is: 0.53838837   
INFO       the 250th batch, loss is: 0.52960551   
INFO       the 251th batch, loss is: 0.46534911   
INFO       the 252th batch, loss is: 0.4450449    
INFO       the 253th batch, loss is: 0.59332371   
INFO       the 254th batch, loss is: 0.67898697   
INFO       the 255th batch, loss is: 0.52978033   
INFO Val  Accuracy :0.802
INFO Test Accuracy :0.768
INFO Epoch: 8
INFO       the 256th batch, loss is: 0.68109691   
INFO       the 257th batch, loss is: 0.36711997   
INFO       the 258th batch, loss is: 0.57661569   
INFO       the 259th batch, loss is: 0.29582119   
INFO       the 260th batch, loss is: 0.5018509    
INFO       the 261th batch, loss is: 0.39127377   
INFO       the 262th batch, loss is: 0.18631384   
INFO       the 263th batch, loss is: 0.43197522   
INFO       the 264th batch, loss is: 0.5016005    
INFO       the 265th batch, loss is: 0.52257591   
INFO       the 266th batch, loss is: 0.76544815   
INFO       the 267th batch, loss is: 0.54725987   
INFO       the 268th batch, loss is: 0.70515919   
INFO       the 269th batch, loss is: 0.55989182   
INFO       the 270th batch, loss is: 0.65884405   
INFO       the 271th batch, loss is: 0.4455978    
INFO       the 272th batch, loss is: 0.39967689   
INFO       the 273th batch, loss is: 0.34398159   
INFO       the 274th batch, loss is: 0.47683528   
INFO       the 275th batch, loss is: 0.64340091   
INFO       the 276th batch, loss is: 0.63933849   
INFO       the 277th batch, loss is: 0.27731854   
INFO       the 278th batch, loss is: 0.32450339   
INFO       the 279th batch, loss is: 0.15863024   
INFO       the 280th batch, loss is: 0.32614738   
INFO       the 281th batch, loss is: 0.32921731   
INFO       the 282th batch, loss is: 0.63370377   
INFO       the 283th batch, loss is: 0.49307626   
INFO       the 284th batch, loss is: 0.51719022   
INFO       the 285th batch, loss is: 0.68133426   
INFO       the 286th batch, loss is: 0.79118252   
INFO       the 287th batch, loss is: 0.35605374   
INFO Val  Accuracy :0.795
INFO Test Accuracy :0.767
INFO Epoch: 9
INFO       the 288th batch, loss is: 0.50375116   
INFO       the 289th batch, loss is: 0.26821196   
INFO       the 290th batch, loss is: 0.68520117   
INFO       the 291th batch, loss is: 0.47735587   
INFO       the 292th batch, loss is: 0.55662471   
INFO       the 293th batch, loss is: 0.75263882   
INFO       the 294th batch, loss is: 0.7016871    
INFO       the 295th batch, loss is: 0.84065264   
INFO       the 296th batch, loss is: 0.65301132   
INFO       the 297th batch, loss is: 0.61644477   
INFO       the 298th batch, loss is: 0.68401772   
INFO       the 299th batch, loss is: 0.91692132   
INFO       the 300th batch, loss is: 0.49887708   
INFO       the 301th batch, loss is: 0.5263024    
INFO       the 302th batch, loss is: 0.21888421   
INFO       the 303th batch, loss is: 0.80393839   
INFO       the 304th batch, loss is: 0.43278906   
INFO       the 305th batch, loss is: 0.37901732   
INFO       the 306th batch, loss is: 0.82478333   
INFO       the 307th batch, loss is: 0.81065857   
INFO       the 308th batch, loss is: 0.68861127   
INFO       the 309th batch, loss is: 0.40300113   
INFO       the 310th batch, loss is: 1.10972595   
INFO       the 311th batch, loss is: 0.56368101   
INFO       the 312th batch, loss is: 0.77025861   
INFO       the 313th batch, loss is: 0.70059508   
INFO       the 314th batch, loss is: 0.60366976   
INFO       the 315th batch, loss is: 0.58939075   
INFO       the 316th batch, loss is: 0.51336122   
INFO       the 317th batch, loss is: 0.37728146   
INFO       the 318th batch, loss is: 1.0132339    
INFO       the 319th batch, loss is: 0.65455908   
INFO Val  Accuracy :0.792
INFO Test Accuracy :0.77
INFO Epoch: 10
INFO       the 320th batch, loss is: 0.20661312   
INFO       the 321th batch, loss is: 0.53479052   
INFO       the 322th batch, loss is: 0.29572126   
INFO       the 323th batch, loss is: 0.80426645   
INFO       the 324th batch, loss is: 0.41836798   
INFO       the 325th batch, loss is: 0.38474008   
INFO       the 326th batch, loss is: 0.26676175   
INFO       the 327th batch, loss is: 0.61223722   
INFO       the 328th batch, loss is: 0.52536666   
INFO       the 329th batch, loss is: 0.38714382   
INFO       the 330th batch, loss is: 0.71285868   
INFO       the 331th batch, loss is: 0.27531052   
INFO       the 332th batch, loss is: 0.4636296    
INFO       the 333th batch, loss is: 0.56322676   
INFO       the 334th batch, loss is: 0.40638843   
INFO       the 335th batch, loss is: 0.86994487   
INFO       the 336th batch, loss is: 0.54337597   
INFO       the 337th batch, loss is: 0.51668      
INFO       the 338th batch, loss is: 0.64997971   
INFO       the 339th batch, loss is: 0.58803803   
INFO       the 340th batch, loss is: 0.86565292   
INFO       the 341th batch, loss is: 0.32022691   
INFO       the 342th batch, loss is: 0.62223136   
INFO       the 343th batch, loss is: 0.27108839   
INFO       the 344th batch, loss is: 0.49147257   
INFO       the 345th batch, loss is: 0.74468684   
INFO       the 346th batch, loss is: 0.65796232   
INFO       the 347th batch, loss is: 0.69807982   
INFO       the 348th batch, loss is: 0.80168355   
INFO       the 349th batch, loss is: 0.22632003   
INFO       the 350th batch, loss is: 0.59116173   
INFO       the 351th batch, loss is: 0.31233495   
INFO Val  Accuracy :0.793
INFO Test Accuracy :0.765
INFO Epoch: 11
INFO       the 352th batch, loss is: 0.49480206   
INFO       the 353th batch, loss is: 0.50594687   
INFO       the 354th batch, loss is: 0.53017396   
INFO       the 355th batch, loss is: 0.50194412   
INFO       the 356th batch, loss is: 0.37030244   
INFO       the 357th batch, loss is: 0.26400679   
INFO       the 358th batch, loss is: 0.53955287   
INFO       the 359th batch, loss is: 0.60703611   
INFO       the 360th batch, loss is: 0.31639484   
INFO       the 361th batch, loss is: 0.41932437   
INFO       the 362th batch, loss is: 0.49705499   
INFO       the 363th batch, loss is: 0.37221897   
INFO       the 364th batch, loss is: 0.39698908   
INFO       the 365th batch, loss is: 0.21674755   
INFO       the 366th batch, loss is: 0.13245255   
INFO       the 367th batch, loss is: 0.57100213   
INFO       the 368th batch, loss is: 0.30440271   
INFO       the 369th batch, loss is: 0.51305407   
INFO       the 370th batch, loss is: 0.48833534   
INFO       the 371th batch, loss is: 0.57347929   
INFO       the 372th batch, loss is: 0.49314213   
INFO       the 373th batch, loss is: 0.36584535   
INFO       the 374th batch, loss is: 0.76999646   
INFO       the 375th batch, loss is: 0.53522909   
INFO       the 376th batch, loss is: 0.51059973   
INFO       the 377th batch, loss is: 0.7022112    
INFO       the 378th batch, loss is: 0.67750341   
INFO       the 379th batch, loss is: 1.02037847   
INFO       the 380th batch, loss is: 0.55767274   
INFO       the 381th batch, loss is: 0.51185417   
INFO       the 382th batch, loss is: 0.82204843   
INFO       the 383th batch, loss is: 0.2680648    
INFO Val  Accuracy :0.784
INFO Test Accuracy :0.767
INFO Epoch: 12
INFO       the 384th batch, loss is: 0.36209986   
INFO       the 385th batch, loss is: 0.41444546   
INFO       the 386th batch, loss is: 0.37529376   
INFO       the 387th batch, loss is: 0.61952877   
INFO       the 388th batch, loss is: 0.22519518   
INFO       the 389th batch, loss is: 0.43631959   
INFO       the 390th batch, loss is: 0.29376364   
INFO       the 391th batch, loss is: 0.46071517   
INFO       the 392th batch, loss is: 0.89255595   
INFO       the 393th batch, loss is: 0.52686071   
INFO       the 394th batch, loss is: 0.55848074   
INFO       the 395th batch, loss is: 0.49150032   
INFO       the 396th batch, loss is: 0.21543095   
INFO       the 397th batch, loss is: 0.2558611    
INFO       the 398th batch, loss is: 0.35926744   
INFO       the 399th batch, loss is: 0.43561092   
INFO       the 400th batch, loss is: 0.47143382   
INFO       the 401th batch, loss is: 0.41565037   
INFO       the 402th batch, loss is: 0.8056066    
INFO       the 403th batch, loss is: 0.5358237    
INFO       the 404th batch, loss is: 0.62198514   
INFO       the 405th batch, loss is: 0.22714025   
INFO       the 406th batch, loss is: 0.7420516    
INFO       the 407th batch, loss is: 0.97652251   
INFO       the 408th batch, loss is: 0.37377223   
INFO       the 409th batch, loss is: 0.66705728   
INFO       the 410th batch, loss is: 0.70639491   
INFO       the 411th batch, loss is: 0.33560571   
INFO       the 412th batch, loss is: 0.55356008   
INFO       the 413th batch, loss is: 0.50834125   
INFO       the 414th batch, loss is: 0.42666236   
INFO       the 415th batch, loss is: 0.4197495    
INFO Val  Accuracy :0.793
INFO Test Accuracy :0.773
INFO Epoch: 13
INFO       the 416th batch, loss is: 0.70773143   
INFO       the 417th batch, loss is: 0.48043233   
INFO       the 418th batch, loss is: 0.28259388   
INFO       the 419th batch, loss is: 0.41715226   
INFO       the 420th batch, loss is: 0.69022125   
INFO       the 421th batch, loss is: 0.44818184   
INFO       the 422th batch, loss is: 0.45983288   
INFO       the 423th batch, loss is: 0.76950419   
INFO       the 424th batch, loss is: 0.63545477   
INFO       the 425th batch, loss is: 0.27297315   
INFO       the 426th batch, loss is: 0.54832846   
INFO       the 427th batch, loss is: 0.40428624   
INFO       the 428th batch, loss is: 0.44896498   
INFO       the 429th batch, loss is: 0.36477458   
INFO       the 430th batch, loss is: 0.60953242   
INFO       the 431th batch, loss is: 0.57216603   
INFO       the 432th batch, loss is: 0.49128848   
INFO       the 433th batch, loss is: 0.45615312   
INFO       the 434th batch, loss is: 0.15872532   
INFO       the 435th batch, loss is: 0.59258842   
INFO       the 436th batch, loss is: 0.63033044   
INFO       the 437th batch, loss is: 0.39896354   
INFO       the 438th batch, loss is: 0.59431165   
INFO       the 439th batch, loss is: 0.58319169   
INFO       the 440th batch, loss is: 0.2780039    
INFO       the 441th batch, loss is: 0.86806351   
INFO       the 442th batch, loss is: 0.60600936   
INFO       the 443th batch, loss is: 0.55097991   
INFO       the 444th batch, loss is: 0.52262241   
INFO       the 445th batch, loss is: 0.32354739   
INFO       the 446th batch, loss is: 0.68855542   
INFO       the 447th batch, loss is: 0.61846924   
INFO Val  Accuracy :0.793
INFO Test Accuracy :0.768
INFO Epoch: 14
INFO       the 448th batch, loss is: 0.40579438   
INFO       the 449th batch, loss is: 0.3708874    
INFO       the 450th batch, loss is: 0.48650032   
INFO       the 451th batch, loss is: 0.39739922   
INFO       the 452th batch, loss is: 0.68397784   
INFO       the 453th batch, loss is: 0.52579206   
INFO       the 454th batch, loss is: 0.4245699    
INFO       the 455th batch, loss is: 0.68519753   
INFO       the 456th batch, loss is: 0.36141998   
INFO       the 457th batch, loss is: 0.68200177   
INFO       the 458th batch, loss is: 0.63445926   
INFO       the 459th batch, loss is: 0.90899247   
INFO       the 460th batch, loss is: 0.57047671   
INFO       the 461th batch, loss is: 0.43038791   
INFO       the 462th batch, loss is: 0.90937078   
INFO       the 463th batch, loss is: 0.3702139    
INFO       the 464th batch, loss is: 0.28049895   
INFO       the 465th batch, loss is: 0.54616404   
INFO       the 466th batch, loss is: 0.50201958   
INFO       the 467th batch, loss is: 0.33787438   
INFO       the 468th batch, loss is: 0.62665361   
INFO       the 469th batch, loss is: 0.32446116   
INFO       the 470th batch, loss is: 0.48555797   
INFO       the 471th batch, loss is: 0.52772784   
INFO       the 472th batch, loss is: 0.3150655    
INFO       the 473th batch, loss is: 0.49568728   
INFO       the 474th batch, loss is: 0.45196405   
INFO       the 475th batch, loss is: 0.7548787    
INFO       the 476th batch, loss is: 0.61405581   
INFO       the 477th batch, loss is: 0.4903703    
INFO       the 478th batch, loss is: 0.49321634   
INFO       the 479th batch, loss is: 0.62209314   
INFO Val  Accuracy :0.799
INFO Test Accuracy :0.768
INFO Epoch: 15
INFO       the 480th batch, loss is: 0.38060805   
INFO       the 481th batch, loss is: 0.46830711   
INFO       the 482th batch, loss is: 0.60957241   
INFO       the 483th batch, loss is: 0.35941306   
INFO       the 484th batch, loss is: 0.50496906   
INFO       the 485th batch, loss is: 0.57999218   
INFO       the 486th batch, loss is: 0.35551518   
INFO       the 487th batch, loss is: 0.93258834   
INFO       the 488th batch, loss is: 0.62965465   
INFO       the 489th batch, loss is: 0.55823684   
INFO       the 490th batch, loss is: 0.40071267   
INFO       the 491th batch, loss is: 0.41956243   
INFO       the 492th batch, loss is: 0.34793767   
INFO       the 493th batch, loss is: 0.32782912   
INFO       the 494th batch, loss is: 0.25140178   
INFO       the 495th batch, loss is: 0.56596839   
INFO       the 496th batch, loss is: 0.6759572    
INFO       the 497th batch, loss is: 0.67599559   
INFO       the 498th batch, loss is: 0.40308344   
INFO       the 499th batch, loss is: 0.29247233   
INFO       the 500th batch, loss is: 0.90773964   
INFO       the 501th batch, loss is: 0.59387231   
INFO       the 502th batch, loss is: 0.61428618   
INFO       the 503th batch, loss is: 0.71039319   
INFO       the 504th batch, loss is: 0.67738545   
INFO       the 505th batch, loss is: 0.68502688   
INFO       the 506th batch, loss is: 0.38489568   
INFO       the 507th batch, loss is: 0.63674372   
INFO       the 508th batch, loss is: 0.62540698   
INFO       the 509th batch, loss is: 0.78141034   
INFO       the 510th batch, loss is: 0.56191504   
INFO       the 511th batch, loss is: 0.26597324   
INFO Val  Accuracy :0.799
INFO Test Accuracy :0.766
INFO Epoch: 16
INFO       the 512th batch, loss is: 0.42031759   
INFO       the 513th batch, loss is: 0.4762063    
INFO       the 514th batch, loss is: 0.80334538   
INFO       the 515th batch, loss is: 0.74350172   
INFO       the 516th batch, loss is: 0.62566352   
INFO       the 517th batch, loss is: 0.44324151   
INFO       the 518th batch, loss is: 0.71164471   
INFO       the 519th batch, loss is: 0.36952808   
INFO       the 520th batch, loss is: 0.51092333   
INFO       the 521th batch, loss is: 0.32648113   
INFO       the 522th batch, loss is: 0.37514445   
INFO       the 523th batch, loss is: 0.37437227   
INFO       the 524th batch, loss is: 0.33084643   
INFO       the 525th batch, loss is: 0.4640643    
INFO       the 526th batch, loss is: 0.71688312   
INFO       the 527th batch, loss is: 0.82771611   
INFO       the 528th batch, loss is: 0.26773787   
INFO       the 529th batch, loss is: 0.49255052   
INFO       the 530th batch, loss is: 0.62412041   
INFO       the 531th batch, loss is: 0.28965658   
INFO       the 532th batch, loss is: 0.7581616    
INFO       the 533th batch, loss is: 0.37344572   
INFO       the 534th batch, loss is: 0.68929917   
INFO       the 535th batch, loss is: 0.28033009   
INFO       the 536th batch, loss is: 0.22533751   
INFO       the 537th batch, loss is: 0.87021905   
INFO       the 538th batch, loss is: 0.62503511   
INFO       the 539th batch, loss is: 0.21781978   
INFO       the 540th batch, loss is: 0.59681332   
INFO       the 541th batch, loss is: 0.69451654   
INFO       the 542th batch, loss is: 0.54559892   
INFO       the 543th batch, loss is: 0.54604447   
INFO Val  Accuracy :0.795
INFO Test Accuracy :0.772
INFO Epoch: 17
INFO       the 544th batch, loss is: 0.58037561   
INFO       the 545th batch, loss is: 0.43546996   
INFO       the 546th batch, loss is: 0.28574353   
INFO       the 547th batch, loss is: 0.61910319   
INFO       the 548th batch, loss is: 0.39628533   
INFO       the 549th batch, loss is: 0.45980471   
INFO       the 550th batch, loss is: 0.63133651   
INFO       the 551th batch, loss is: 0.11113739   
INFO       the 552th batch, loss is: 0.51187336   
INFO       the 553th batch, loss is: 0.5565753    
INFO       the 554th batch, loss is: 0.51337451   
INFO       the 555th batch, loss is: 0.27760333   
INFO       the 556th batch, loss is: 0.58023429   
INFO       the 557th batch, loss is: 0.73326182   
INFO       the 558th batch, loss is: 0.8071903    
INFO       the 559th batch, loss is: 0.35235795   
INFO       the 560th batch, loss is: 0.38805339   
INFO       the 561th batch, loss is: 0.28225729   
INFO       the 562th batch, loss is: 0.31320488   
INFO       the 563th batch, loss is: 0.92406225   
INFO       the 564th batch, loss is: 0.74886435   
INFO       the 565th batch, loss is: 0.42153764   
INFO       the 566th batch, loss is: 0.99014843   
INFO       the 567th batch, loss is: 0.77576905   
INFO       the 568th batch, loss is: 0.25600338   
INFO       the 569th batch, loss is: 0.47225726   
INFO       the 570th batch, loss is: 0.7437185    
INFO       the 571th batch, loss is: 0.68901956   
INFO       the 572th batch, loss is: 0.44594574   
INFO       the 573th batch, loss is: 0.11536181   
INFO       the 574th batch, loss is: 0.50665778   
INFO       the 575th batch, loss is: 0.47636124   
INFO Val  Accuracy :0.794
INFO Test Accuracy :0.77
INFO Epoch: 18
INFO       the 576th batch, loss is: 0.80068338   
INFO       the 577th batch, loss is: 0.40270221   
INFO       the 578th batch, loss is: 0.28468651   
INFO       the 579th batch, loss is: 0.19271047   
INFO       the 580th batch, loss is: 0.44740164   
INFO       the 581th batch, loss is: 0.40676451   
INFO       the 582th batch, loss is: 0.22064996   
INFO       the 583th batch, loss is: 0.77288085   
INFO       the 584th batch, loss is: 0.31179872   
INFO       the 585th batch, loss is: 0.51033032   
INFO       the 586th batch, loss is: 0.27796608   
INFO       the 587th batch, loss is: 0.40988457   
INFO       the 588th batch, loss is: 0.5130083    
INFO       the 589th batch, loss is: 0.24321234   
INFO       the 590th batch, loss is: 0.42579314   
INFO       the 591th batch, loss is: 0.54735309   
INFO       the 592th batch, loss is: 0.43754607   
INFO       the 593th batch, loss is: 0.25509977   
INFO       the 594th batch, loss is: 0.56243396   
INFO       the 595th batch, loss is: 0.53755522   
INFO       the 596th batch, loss is: 0.46732628   
INFO       the 597th batch, loss is: 0.31172901   
INFO       the 598th batch, loss is: 0.37614247   
INFO       the 599th batch, loss is: 0.36650744   
INFO       the 600th batch, loss is: 0.43287322   
INFO       the 601th batch, loss is: 0.48364636   
INFO       the 602th batch, loss is: 0.56874025   
INFO       the 603th batch, loss is: 1.12813044   
INFO       the 604th batch, loss is: 0.58144951   
INFO       the 605th batch, loss is: 0.54586649   
INFO       the 606th batch, loss is: 0.58828968   
INFO       the 607th batch, loss is: 0.65643543   
INFO Val  Accuracy :0.788
INFO Test Accuracy :0.77
INFO Epoch: 19
INFO       the 608th batch, loss is: 0.49415642   
INFO       the 609th batch, loss is: 0.56500494   
INFO       the 610th batch, loss is: 0.6693961    
INFO       the 611th batch, loss is: 0.72108889   
INFO       the 612th batch, loss is: 0.56547821   
INFO       the 613th batch, loss is: 0.33031604   
INFO       the 614th batch, loss is: 0.38518235   
INFO       the 615th batch, loss is: 0.32874143   
INFO       the 616th batch, loss is: 0.64561546   
INFO       the 617th batch, loss is: 0.6677615    
INFO       the 618th batch, loss is: 0.38361928   
INFO       the 619th batch, loss is: 0.46073893   
INFO       the 620th batch, loss is: 0.51109374   
INFO       the 621th batch, loss is: 0.46874595   
INFO       the 622th batch, loss is: 0.48248634   
INFO       the 623th batch, loss is: 0.37313473   
INFO       the 624th batch, loss is: 0.73905957   
INFO       the 625th batch, loss is: 0.39372775   
INFO       the 626th batch, loss is: 0.53630853   
INFO       the 627th batch, loss is: 0.36913484   
INFO       the 628th batch, loss is: 0.59908342   
INFO       the 629th batch, loss is: 0.43595409   
INFO       the 630th batch, loss is: 0.50222218   
INFO       the 631th batch, loss is: 0.69734246   
INFO       the 632th batch, loss is: 0.501517     
INFO       the 633th batch, loss is: 0.44925371   
INFO       the 634th batch, loss is: 0.11865649   
INFO       the 635th batch, loss is: 0.76174331   
INFO       the 636th batch, loss is: 0.51144493   
INFO       the 637th batch, loss is: 0.40011126   
INFO       the 638th batch, loss is: 0.63872534   
INFO       the 639th batch, loss is: 0.70299816   
INFO Val  Accuracy :0.792
INFO Test Accuracy :0.773
INFO Finished training.
