INFO Epoch: 0
INFO         the 0th batch, loss is: 0.61165249   
INFO         the 1th batch, loss is: 0.76360244   
INFO         the 2th batch, loss is: 0.19719625   
INFO         the 3th batch, loss is: 0.44206458   
INFO         the 4th batch, loss is: 0.32554051   
INFO         the 5th batch, loss is: 0.54574144   
INFO         the 6th batch, loss is: 0.29057255   
INFO         the 7th batch, loss is: 0.73733515   
INFO         the 8th batch, loss is: 0.79588127   
INFO         the 9th batch, loss is: 0.91471404   
INFO        the 10th batch, loss is: 1.03055596   
INFO        the 11th batch, loss is: 0.49114883   
INFO        the 12th batch, loss is: 0.62843919   
INFO        the 13th batch, loss is: 0.57648146   
INFO        the 14th batch, loss is: 0.83459485   
INFO        the 15th batch, loss is: 0.38174653   
INFO        the 16th batch, loss is: 0.42493349   
INFO        the 17th batch, loss is: 0.4936457    
INFO        the 18th batch, loss is: 0.64766419   
INFO        the 19th batch, loss is: 0.43780419   
INFO        the 20th batch, loss is: 0.28664109   
INFO        the 21th batch, loss is: 0.8688122    
INFO        the 22th batch, loss is: 0.3694582    
INFO        the 23th batch, loss is: 0.70064211   
INFO        the 24th batch, loss is: 0.37449133   
INFO        the 25th batch, loss is: 0.45882484   
INFO        the 26th batch, loss is: 1.01639009   
INFO        the 27th batch, loss is: 0.80225116   
INFO        the 28th batch, loss is: 0.43815172   
INFO        the 29th batch, loss is: 0.45211419   
INFO        the 30th batch, loss is: 0.29315123   
INFO        the 31th batch, loss is: 0.3526378    
INFO Val  Accuracy :0.794
INFO Test Accuracy :0.77
INFO Epoch: 1
INFO        the 32th batch, loss is: 0.34696186   
INFO        the 33th batch, loss is: 0.62748611   
INFO        the 34th batch, loss is: 0.73658687   
INFO        the 35th batch, loss is: 0.62668645   
INFO        the 36th batch, loss is: 0.85495251   
INFO        the 37th batch, loss is: 0.69864792   
INFO        the 38th batch, loss is: 0.51086152   
INFO        the 39th batch, loss is: 0.43578577   
INFO        the 40th batch, loss is: 0.97825062   
INFO        the 41th batch, loss is: 0.37171701   
INFO        the 42th batch, loss is: 0.44052953   
INFO        the 43th batch, loss is: 0.65540195   
INFO        the 44th batch, loss is: 0.95889127   
INFO        the 45th batch, loss is: 0.286607     
INFO        the 46th batch, loss is: 0.54157382   
INFO        the 47th batch, loss is: 0.44529274   
INFO        the 48th batch, loss is: 0.85626996   
INFO        the 49th batch, loss is: 0.49589777   
INFO        the 50th batch, loss is: 0.56440973   
INFO        the 51th batch, loss is: 0.43016541   
INFO        the 52th batch, loss is: 0.78643197   
INFO        the 53th batch, loss is: 0.6848501    
INFO        the 54th batch, loss is: 0.95752633   
INFO        the 55th batch, loss is: 0.54797363   
INFO        the 56th batch, loss is: 1.01952028   
INFO        the 57th batch, loss is: 0.67973721   
INFO        the 58th batch, loss is: 0.21436125   
INFO        the 59th batch, loss is: 0.42762154   
INFO        the 60th batch, loss is: 0.37682492   
INFO        the 61th batch, loss is: 0.49815121   
INFO        the 62th batch, loss is: 0.35052058   
INFO        the 63th batch, loss is: 0.3494404    
INFO Val  Accuracy :0.789
INFO Test Accuracy :0.771
INFO Epoch: 2
INFO        the 64th batch, loss is: 0.81935966   
INFO        the 65th batch, loss is: 0.18755074   
INFO        the 66th batch, loss is: 0.17481312   
INFO        the 67th batch, loss is: 0.64381695   
INFO        the 68th batch, loss is: 0.38536057   
INFO        the 69th batch, loss is: 0.52814698   
INFO        the 70th batch, loss is: 0.43586776   
INFO        the 71th batch, loss is: 0.41625282   
INFO        the 72th batch, loss is: 0.56727087   
INFO        the 73th batch, loss is: 0.54179889   
INFO        the 74th batch, loss is: 0.51089478   
INFO        the 75th batch, loss is: 0.21110919   
INFO        the 76th batch, loss is: 0.55810487   
INFO        the 77th batch, loss is: 0.54522562   
INFO        the 78th batch, loss is: 0.2088992    
INFO        the 79th batch, loss is: 0.70556891   
INFO        the 80th batch, loss is: 0.38316512   
INFO        the 81th batch, loss is: 0.26517135   
INFO        the 82th batch, loss is: 0.32017636   
INFO        the 83th batch, loss is: 0.91483998   
INFO        the 84th batch, loss is: 0.27369559   
INFO        the 85th batch, loss is: 0.71541739   
INFO        the 86th batch, loss is: 0.54917663   
INFO        the 87th batch, loss is: 1.01039088   
INFO        the 88th batch, loss is: 0.33587205   
INFO        the 89th batch, loss is: 0.38705456   
INFO        the 90th batch, loss is: 0.46323362   
INFO        the 91th batch, loss is: 0.72919607   
INFO        the 92th batch, loss is: 1.05189598   
INFO        the 93th batch, loss is: 0.90249002   
INFO        the 94th batch, loss is: 0.74573547   
INFO        the 95th batch, loss is: 0.69560629   
INFO Val  Accuracy :0.795
INFO Test Accuracy :0.773
INFO Epoch: 3
INFO        the 96th batch, loss is: 0.55582458   
INFO        the 97th batch, loss is: 0.4507224    
INFO        the 98th batch, loss is: 0.40711948   
INFO        the 99th batch, loss is: 0.69536322   
INFO       the 100th batch, loss is: 0.53083032   
INFO       the 101th batch, loss is: 0.5855813    
INFO       the 102th batch, loss is: 0.57351351   
INFO       the 103th batch, loss is: 0.2941373    
INFO       the 104th batch, loss is: 0.52615571   
INFO       the 105th batch, loss is: 0.77078533   
INFO       the 106th batch, loss is: 0.41630572   
INFO       the 107th batch, loss is: 0.50354087   
INFO       the 108th batch, loss is: 0.53185964   
INFO       the 109th batch, loss is: 0.67759776   
INFO       the 110th batch, loss is: 0.40190482   
INFO       the 111th batch, loss is: 0.60390508   
INFO       the 112th batch, loss is: 0.63317084   
INFO       the 113th batch, loss is: 0.47296512   
INFO       the 114th batch, loss is: 0.86905974   
INFO       the 115th batch, loss is: 0.24417639   
INFO       the 116th batch, loss is: 0.50969684   
INFO       the 117th batch, loss is: 0.50273156   
INFO       the 118th batch, loss is: 0.48234433   
INFO       the 119th batch, loss is: 0.49350005   
INFO       the 120th batch, loss is: 0.42836162   
INFO       the 121th batch, loss is: 0.4568778    
INFO       the 122th batch, loss is: 0.49637485   
INFO       the 123th batch, loss is: 0.22382049   
INFO       the 124th batch, loss is: 0.41961744   
INFO       the 125th batch, loss is: 0.53912598   
INFO       the 126th batch, loss is: 0.82580519   
INFO       the 127th batch, loss is: 0.49342278   
INFO Val  Accuracy :0.793
INFO Test Accuracy :0.772
INFO Epoch: 4
INFO       the 128th batch, loss is: 0.39394373   
INFO       the 129th batch, loss is: 0.43532041   
INFO       the 130th batch, loss is: 0.62691045   
INFO       the 131th batch, loss is: 0.43069088   
INFO       the 132th batch, loss is: 0.50513333   
INFO       the 133th batch, loss is: 0.66668373   
INFO       the 134th batch, loss is: 0.41933253   
INFO       the 135th batch, loss is: 0.72092175   
INFO       the 136th batch, loss is: 0.36495191   
INFO       the 137th batch, loss is: 0.5085361    
INFO       the 138th batch, loss is: 0.37138817   
INFO       the 139th batch, loss is: 0.63140726   
INFO       the 140th batch, loss is: 0.44344151   
INFO       the 141th batch, loss is: 0.24684262   
INFO       the 142th batch, loss is: 0.73476434   
INFO       the 143th batch, loss is: 0.72387677   
INFO       the 144th batch, loss is: 0.3316178    
INFO       the 145th batch, loss is: 0.57741797   
INFO       the 146th batch, loss is: 0.51705623   
INFO       the 147th batch, loss is: 0.37889031   
INFO       the 148th batch, loss is: 0.74140275   
INFO       the 149th batch, loss is: 0.46357986   
INFO       the 150th batch, loss is: 0.16037594   
INFO       the 151th batch, loss is: 0.26348886   
INFO       the 152th batch, loss is: 0.47418892   
INFO       the 153th batch, loss is: 0.47826093   
INFO       the 154th batch, loss is: 0.31649467   
INFO       the 155th batch, loss is: 0.47419441   
INFO       the 156th batch, loss is: 0.72563642   
INFO       the 157th batch, loss is: 1.58850884   
INFO       the 158th batch, loss is: 0.86681771   
INFO       the 159th batch, loss is: 0.57450706   
INFO Val  Accuracy :0.794
INFO Test Accuracy :0.771
INFO Epoch: 5
INFO       the 160th batch, loss is: 0.57703435   
INFO       the 161th batch, loss is: 0.51149678   
INFO       the 162th batch, loss is: 0.38537002   
INFO       the 163th batch, loss is: 0.88194364   
INFO       the 164th batch, loss is: 0.12153915   
INFO       the 165th batch, loss is: 0.73292816   
INFO       the 166th batch, loss is: 0.36600181   
INFO       the 167th batch, loss is: 0.54200566   
INFO       the 168th batch, loss is: 0.23219851   
INFO       the 169th batch, loss is: 0.21372449   
INFO       the 170th batch, loss is: 0.38999787   
INFO       the 171th batch, loss is: 0.24905451   
INFO       the 172th batch, loss is: 0.59335572   
INFO       the 173th batch, loss is: 0.47300681   
INFO       the 174th batch, loss is: 0.49803621   
INFO       the 175th batch, loss is: 0.66673779   
INFO       the 176th batch, loss is: 0.42538649   
INFO       the 177th batch, loss is: 0.38183707   
INFO       the 178th batch, loss is: 0.54991329   
INFO       the 179th batch, loss is: 1.08444333   
INFO       the 180th batch, loss is: 0.38501805   
INFO       the 181th batch, loss is: 0.48427594   
INFO       the 182th batch, loss is: 0.69520843   
INFO       the 183th batch, loss is: 0.76181573   
INFO       the 184th batch, loss is: 0.32737076   
INFO       the 185th batch, loss is: 0.42807442   
INFO       the 186th batch, loss is: 0.60727525   
INFO       the 187th batch, loss is: 0.48041081   
INFO       the 188th batch, loss is: 0.66159821   
INFO       the 189th batch, loss is: 0.47555712   
INFO       the 190th batch, loss is: 0.62769896   
INFO       the 191th batch, loss is: 0.76056308   
INFO Val  Accuracy :0.793
INFO Test Accuracy :0.772
INFO Epoch: 6
INFO       the 192th batch, loss is: 0.24329503   
INFO       the 193th batch, loss is: 0.2654365    
INFO       the 194th batch, loss is: 0.28380919   
INFO       the 195th batch, loss is: 0.65344656   
INFO       the 196th batch, loss is: 0.76342976   
INFO       the 197th batch, loss is: 0.67836976   
INFO       the 198th batch, loss is: 0.61057574   
INFO       the 199th batch, loss is: 0.35845828   
INFO       the 200th batch, loss is: 0.55256259   
INFO       the 201th batch, loss is: 0.46276385   
INFO       the 202th batch, loss is: 0.48426053   
INFO       the 203th batch, loss is: 0.59157759   
INFO       the 204th batch, loss is: 0.49792016   
INFO       the 205th batch, loss is: 0.9574908    
INFO       the 206th batch, loss is: 0.34281385   
INFO       the 207th batch, loss is: 0.71166772   
INFO       the 208th batch, loss is: 0.63725013   
INFO       the 209th batch, loss is: 0.24627835   
INFO       the 210th batch, loss is: 0.71623683   
INFO       the 211th batch, loss is: 0.41384503   
INFO       the 212th batch, loss is: 0.36378494   
INFO       the 213th batch, loss is: 0.36248982   
INFO       the 214th batch, loss is: 0.47174859   
INFO       the 215th batch, loss is: 0.26241553   
INFO       the 216th batch, loss is: 0.35301003   
INFO       the 217th batch, loss is: 0.5847649    
INFO       the 218th batch, loss is: 0.54298079   
INFO       the 219th batch, loss is: 0.87130451   
INFO       the 220th batch, loss is: 0.27640706   
INFO       the 221th batch, loss is: 0.56495702   
INFO       the 222th batch, loss is: 0.67345387   
INFO       the 223th batch, loss is: 0.45824513   
INFO Val  Accuracy :0.787
INFO Test Accuracy :0.774
INFO Epoch: 7
INFO       the 224th batch, loss is: 0.74862802   
INFO       the 225th batch, loss is: 0.48052269   
INFO       the 226th batch, loss is: 0.77906239   
INFO       the 227th batch, loss is: 0.55642426   
INFO       the 228th batch, loss is: 0.37773153   
INFO       the 229th batch, loss is: 0.44452524   
INFO       the 230th batch, loss is: 0.2604607    
INFO       the 231th batch, loss is: 0.32903829   
INFO       the 232th batch, loss is: 0.54588628   
INFO       the 233th batch, loss is: 0.36071867   
INFO       the 234th batch, loss is: 0.43676233   
INFO       the 235th batch, loss is: 0.42289445   
INFO       the 236th batch, loss is: 0.79953355   
INFO       the 237th batch, loss is: 0.59189379   
INFO       the 238th batch, loss is: 0.29833671   
INFO       the 239th batch, loss is: 0.40874279   
INFO       the 240th batch, loss is: 0.34946555   
INFO       the 241th batch, loss is: 0.34936413   
INFO       the 242th batch, loss is: 0.44874713   
INFO       the 243th batch, loss is: 0.43050289   
INFO       the 244th batch, loss is: 0.73414665   
INFO       the 245th batch, loss is: 0.28836012   
INFO       the 246th batch, loss is: 0.28739679   
INFO       the 247th batch, loss is: 0.45777336   
INFO       the 248th batch, loss is: 1.00015604   
INFO       the 249th batch, loss is: 0.27228042   
INFO       the 250th batch, loss is: 0.64254177   
INFO       the 251th batch, loss is: 0.58584249   
INFO       the 252th batch, loss is: 0.85612857   
INFO       the 253th batch, loss is: 0.45055711   
INFO       the 254th batch, loss is: 0.43119413   
INFO       the 255th batch, loss is: 0.22029623   
INFO Val  Accuracy :0.786
INFO Test Accuracy :0.773
INFO Epoch: 8
INFO       the 256th batch, loss is: 0.28921348   
INFO       the 257th batch, loss is: 0.72575206   
INFO       the 258th batch, loss is: 0.78388399   
INFO       the 259th batch, loss is: 0.39308557   
INFO       the 260th batch, loss is: 0.34566593   
INFO       the 261th batch, loss is: 0.63230759   
INFO       the 262th batch, loss is: 0.50717175   
INFO       the 263th batch, loss is: 0.58634758   
INFO       the 264th batch, loss is: 0.48797587   
INFO       the 265th batch, loss is: 0.49583289   
INFO       the 266th batch, loss is: 0.54508048   
INFO       the 267th batch, loss is: 0.64733982   
INFO       the 268th batch, loss is: 0.36544874   
INFO       the 269th batch, loss is: 0.42154291   
INFO       the 270th batch, loss is: 0.33237401   
INFO       the 271th batch, loss is: 0.79426134   
INFO       the 272th batch, loss is: 0.45263568   
INFO       the 273th batch, loss is: 0.39846805   
INFO       the 274th batch, loss is: 0.54575729   
INFO       the 275th batch, loss is: 0.56083417   
INFO       the 276th batch, loss is: 0.2263267    
INFO       the 277th batch, loss is: 0.7406466    
INFO       the 278th batch, loss is: 0.49099031   
INFO       the 279th batch, loss is: 0.87365443   
INFO       the 280th batch, loss is: 0.84061927   
INFO       the 281th batch, loss is: 0.46760929   
INFO       the 282th batch, loss is: 0.35174161   
INFO       the 283th batch, loss is: 0.47824797   
INFO       the 284th batch, loss is: 0.73916036   
INFO       the 285th batch, loss is: 0.44280067   
INFO       the 286th batch, loss is: 0.56386447   
INFO       the 287th batch, loss is: 0.49171463   
INFO Val  Accuracy :0.798
INFO Test Accuracy :0.771
INFO Epoch: 9
INFO       the 288th batch, loss is: 0.45724133   
INFO       the 289th batch, loss is: 0.27692929   
INFO       the 290th batch, loss is: 0.26573348   
INFO       the 291th batch, loss is: 0.38485914   
INFO       the 292th batch, loss is: 0.69628775   
INFO       the 293th batch, loss is: 0.34219965   
INFO       the 294th batch, loss is: 0.87242842   
INFO       the 295th batch, loss is: 0.39502746   
INFO       the 296th batch, loss is: 0.95372391   
INFO       the 297th batch, loss is: 0.84578824   
INFO       the 298th batch, loss is: 0.41345602   
INFO       the 299th batch, loss is: 1.07196784   
INFO       the 300th batch, loss is: 0.44803578   
INFO       the 301th batch, loss is: 0.5394963    
INFO       the 302th batch, loss is: 0.35455218   
INFO       the 303th batch, loss is: 0.35525814   
INFO       the 304th batch, loss is: 0.71766222   
INFO       the 305th batch, loss is: 0.6153357    
INFO       the 306th batch, loss is: 0.32962024   
INFO       the 307th batch, loss is: 0.71172267   
INFO       the 308th batch, loss is: 0.69269121   
INFO       the 309th batch, loss is: 0.63956112   
INFO       the 310th batch, loss is: 0.54078066   
INFO       the 311th batch, loss is: 0.61903298   
INFO       the 312th batch, loss is: 0.3741999    
INFO       the 313th batch, loss is: 0.61696309   
INFO       the 314th batch, loss is: 0.47737288   
INFO       the 315th batch, loss is: 0.39637884   
INFO       the 316th batch, loss is: 0.7315892    
INFO       the 317th batch, loss is: 0.37081966   
INFO       the 318th batch, loss is: 0.72531086   
INFO       the 319th batch, loss is: 0.70294124   
INFO Val  Accuracy :0.786
INFO Test Accuracy :0.768
INFO Epoch: 10
INFO       the 320th batch, loss is: 0.74095935   
INFO       the 321th batch, loss is: 0.41035438   
INFO       the 322th batch, loss is: 0.55452365   
INFO       the 323th batch, loss is: 0.45319158   
INFO       the 324th batch, loss is: 0.44954044   
INFO       the 325th batch, loss is: 0.8875764    
INFO       the 326th batch, loss is: 0.69766712   
INFO       the 327th batch, loss is: 0.40818524   
INFO       the 328th batch, loss is: 0.48524401   
INFO       the 329th batch, loss is: 0.5351907    
INFO       the 330th batch, loss is: 0.40599999   
INFO       the 331th batch, loss is: 0.45441312   
INFO       the 332th batch, loss is: 0.81667989   
INFO       the 333th batch, loss is: 0.2133747    
INFO       the 334th batch, loss is: 0.37047246   
INFO       the 335th batch, loss is: 0.94404304   
INFO       the 336th batch, loss is: 0.22945949   
INFO       the 337th batch, loss is: 0.2658793    
INFO       the 338th batch, loss is: 0.25374144   
INFO       the 339th batch, loss is: 0.91096729   
INFO       the 340th batch, loss is: 0.53113985   
INFO       the 341th batch, loss is: 0.36171642   
INFO       the 342th batch, loss is: 0.29890171   
INFO       the 343th batch, loss is: 0.74699396   
INFO       the 344th batch, loss is: 0.63515276   
INFO       the 345th batch, loss is: 0.35149103   
INFO       the 346th batch, loss is: 0.64498729   
INFO       the 347th batch, loss is: 0.60094982   
INFO       the 348th batch, loss is: 0.46240133   
INFO       the 349th batch, loss is: 0.28882384   
INFO       the 350th batch, loss is: 0.66825759   
INFO       the 351th batch, loss is: 0.28267616   
INFO Val  Accuracy :0.79
INFO Test Accuracy :0.77
INFO Epoch: 11
INFO       the 352th batch, loss is: 0.63379586   
INFO       the 353th batch, loss is: 0.42995757   
INFO       the 354th batch, loss is: 0.43503955   
INFO       the 355th batch, loss is: 0.63665932   
INFO       the 356th batch, loss is: 0.42551252   
INFO       the 357th batch, loss is: 0.40122226   
INFO       the 358th batch, loss is: 0.69028509   
INFO       the 359th batch, loss is: 0.38507479   
INFO       the 360th batch, loss is: 0.67822641   
INFO       the 361th batch, loss is: 0.88941014   
INFO       the 362th batch, loss is: 0.45762813   
INFO       the 363th batch, loss is: 0.53136957   
INFO       the 364th batch, loss is: 0.41955203   
INFO       the 365th batch, loss is: 0.60824454   
INFO       the 366th batch, loss is: 0.71789497   
INFO       the 367th batch, loss is: 0.59213084   
INFO       the 368th batch, loss is: 0.3641839    
INFO       the 369th batch, loss is: 0.62391877   
INFO       the 370th batch, loss is: 0.43170598   
INFO       the 371th batch, loss is: 0.53052604   
INFO       the 372th batch, loss is: 0.36586758   
INFO       the 373th batch, loss is: 0.36951566   
INFO       the 374th batch, loss is: 0.44222862   
INFO       the 375th batch, loss is: 0.53458667   
INFO       the 376th batch, loss is: 0.78869319   
INFO       the 377th batch, loss is: 0.59765869   
INFO       the 378th batch, loss is: 0.49639684   
INFO       the 379th batch, loss is: 0.38567796   
INFO       the 380th batch, loss is: 0.62350166   
INFO       the 381th batch, loss is: 0.42136827   
INFO       the 382th batch, loss is: 0.48683625   
INFO       the 383th batch, loss is: 0.55828828   
INFO Val  Accuracy :0.795
INFO Test Accuracy :0.774
INFO Epoch: 12
INFO       the 384th batch, loss is: 0.62188685   
INFO       the 385th batch, loss is: 0.47299382   
INFO       the 386th batch, loss is: 0.31001168   
INFO       the 387th batch, loss is: 0.40504092   
INFO       the 388th batch, loss is: 0.44396302   
INFO       the 389th batch, loss is: 0.19434531   
INFO       the 390th batch, loss is: 0.50357783   
INFO       the 391th batch, loss is: 0.39108583   
INFO       the 392th batch, loss is: 0.35362786   
INFO       the 393th batch, loss is: 0.41865411   
INFO       the 394th batch, loss is: 0.40725982   
INFO       the 395th batch, loss is: 0.37767673   
INFO       the 396th batch, loss is: 0.45498666   
INFO       the 397th batch, loss is: 0.27790454   
INFO       the 398th batch, loss is: 0.50533271   
INFO       the 399th batch, loss is: 0.47480667   
INFO       the 400th batch, loss is: 0.46524471   
INFO       the 401th batch, loss is: 0.64753413   
INFO       the 402th batch, loss is: 0.60180604   
INFO       the 403th batch, loss is: 0.30717182   
INFO       the 404th batch, loss is: 0.65921009   
INFO       the 405th batch, loss is: 0.37897754   
INFO       the 406th batch, loss is: 0.60937083   
INFO       the 407th batch, loss is: 0.45318085   
INFO       the 408th batch, loss is: 0.71349144   
INFO       the 409th batch, loss is: 0.50977534   
INFO       the 410th batch, loss is: 0.20831105   
INFO       the 411th batch, loss is: 0.45658466   
INFO       the 412th batch, loss is: 0.75721627   
INFO       the 413th batch, loss is: 0.32228661   
INFO       the 414th batch, loss is: 0.24730171   
INFO       the 415th batch, loss is: 0.24103086   
INFO Val  Accuracy :0.788
INFO Test Accuracy :0.771
INFO Epoch: 13
INFO       the 416th batch, loss is: 0.12411991   
INFO       the 417th batch, loss is: 0.58318698   
INFO       the 418th batch, loss is: 0.55058652   
INFO       the 419th batch, loss is: 0.37837541   
INFO       the 420th batch, loss is: 0.72954512   
INFO       the 421th batch, loss is: 0.50696808   
INFO       the 422th batch, loss is: 0.64796716   
INFO       the 423th batch, loss is: 0.62737256   
INFO       the 424th batch, loss is: 0.58138996   
INFO       the 425th batch, loss is: 0.36720246   
INFO       the 426th batch, loss is: 0.29470429   
INFO       the 427th batch, loss is: 0.8101033    
INFO       the 428th batch, loss is: 0.50152546   
INFO       the 429th batch, loss is: 0.2903617    
INFO       the 430th batch, loss is: 0.6451838    
INFO       the 431th batch, loss is: 0.80436015   
INFO       the 432th batch, loss is: 0.41370961   
INFO       the 433th batch, loss is: 0.83224469   
INFO       the 434th batch, loss is: 0.33992094   
INFO       the 435th batch, loss is: 0.3081508    
INFO       the 436th batch, loss is: 0.32127991   
INFO       the 437th batch, loss is: 0.46394339   
INFO       the 438th batch, loss is: 0.66260475   
INFO       the 439th batch, loss is: 0.4150188    
INFO       the 440th batch, loss is: 0.25934434   
INFO       the 441th batch, loss is: 0.73674423   
INFO       the 442th batch, loss is: 0.2245882    
INFO       the 443th batch, loss is: 0.41573209   
INFO       the 444th batch, loss is: 0.33743489   
INFO       the 445th batch, loss is: 0.64796537   
INFO       the 446th batch, loss is: 0.33871639   
INFO       the 447th batch, loss is: 0.36579299   
INFO Val  Accuracy :0.792
INFO Test Accuracy :0.773
INFO Epoch: 14
INFO       the 448th batch, loss is: 0.64009571   
INFO       the 449th batch, loss is: 0.67541552   
INFO       the 450th batch, loss is: 0.46993071   
INFO       the 451th batch, loss is: 0.54032451   
INFO       the 452th batch, loss is: 0.67533928   
INFO       the 453th batch, loss is: 0.36898705   
INFO       the 454th batch, loss is: 0.61125231   
INFO       the 455th batch, loss is: 0.37385592   
INFO       the 456th batch, loss is: 0.48369852   
INFO       the 457th batch, loss is: 0.32011428   
INFO       the 458th batch, loss is: 0.48076177   
INFO       the 459th batch, loss is: 0.24705023   
INFO       the 460th batch, loss is: 0.59404421   
INFO       the 461th batch, loss is: 0.41668111   
INFO       the 462th batch, loss is: 0.71548891   
INFO       the 463th batch, loss is: 0.22775932   
INFO       the 464th batch, loss is: 0.51008403   
INFO       the 465th batch, loss is: 0.28318676   
INFO       the 466th batch, loss is: 0.31956258   
INFO       the 467th batch, loss is: 0.2912589    
INFO       the 468th batch, loss is: 0.66409904   
INFO       the 469th batch, loss is: 0.42526034   
INFO       the 470th batch, loss is: 0.50741678   
INFO       the 471th batch, loss is: 0.45890859   
INFO       the 472th batch, loss is: 0.72214019   
INFO       the 473th batch, loss is: 0.81005728   
INFO       the 474th batch, loss is: 0.4497155    
INFO       the 475th batch, loss is: 0.14547023   
INFO       the 476th batch, loss is: 0.53736961   
INFO       the 477th batch, loss is: 0.64392042   
INFO       the 478th batch, loss is: 0.32558054   
INFO       the 479th batch, loss is: 0.73605698   
INFO Val  Accuracy :0.781
INFO Test Accuracy :0.768
INFO Epoch: 15
INFO       the 480th batch, loss is: 0.60124242   
INFO       the 481th batch, loss is: 0.63393617   
INFO       the 482th batch, loss is: 0.83182275   
INFO       the 483th batch, loss is: 0.46929258   
INFO       the 484th batch, loss is: 0.27720597   
INFO       the 485th batch, loss is: 0.48162994   
INFO       the 486th batch, loss is: 0.25645643   
INFO       the 487th batch, loss is: 0.81284547   
INFO       the 488th batch, loss is: 0.57564741   
INFO       the 489th batch, loss is: 0.51867175   
INFO       the 490th batch, loss is: 0.30068371   
INFO       the 491th batch, loss is: 0.40230769   
INFO       the 492th batch, loss is: 0.47401974   
INFO       the 493th batch, loss is: 0.22887745   
INFO       the 494th batch, loss is: 0.68013883   
INFO       the 495th batch, loss is: 0.54642034   
INFO       the 496th batch, loss is: 0.51476848   
INFO       the 497th batch, loss is: 0.77253973   
INFO       the 498th batch, loss is: 0.40549922   
INFO       the 499th batch, loss is: 0.3016634    
INFO       the 500th batch, loss is: 0.59100932   
INFO       the 501th batch, loss is: 0.53199989   
INFO       the 502th batch, loss is: 0.47985074   
INFO       the 503th batch, loss is: 0.49612623   
INFO       the 504th batch, loss is: 0.65532237   
INFO       the 505th batch, loss is: 0.18118164   
INFO       the 506th batch, loss is: 0.31672043   
INFO       the 507th batch, loss is: 0.51231813   
INFO       the 508th batch, loss is: 0.58978581   
INFO       the 509th batch, loss is: 0.47544026   
INFO       the 510th batch, loss is: 0.18225968   
INFO       the 511th batch, loss is: 0.48841506   
INFO Val  Accuracy :0.794
INFO Test Accuracy :0.771
INFO Epoch: 16
INFO       the 512th batch, loss is: 0.38463143   
INFO       the 513th batch, loss is: 0.32674631   
INFO       the 514th batch, loss is: 0.23357163   
INFO       the 515th batch, loss is: 0.5037908    
INFO       the 516th batch, loss is: 0.97776711   
INFO       the 517th batch, loss is: 0.54108405   
INFO       the 518th batch, loss is: 0.21586397   
INFO       the 519th batch, loss is: 0.30071396   
INFO       the 520th batch, loss is: 0.49630165   
INFO       the 521th batch, loss is: 0.51375115   
INFO       the 522th batch, loss is: 0.69606572   
INFO       the 523th batch, loss is: 0.55037075   
INFO       the 524th batch, loss is: 0.43489367   
INFO       the 525th batch, loss is: 0.32275975   
INFO       the 526th batch, loss is: 0.82448697   
INFO       the 527th batch, loss is: 0.88029945   
INFO       the 528th batch, loss is: 0.29018426   
INFO       the 529th batch, loss is: 0.2312827    
INFO       the 530th batch, loss is: 0.3574549    
INFO       the 531th batch, loss is: 0.54847801   
INFO       the 532th batch, loss is: 0.44574031   
INFO       the 533th batch, loss is: 0.71796489   
INFO       the 534th batch, loss is: 0.65185022   
INFO       the 535th batch, loss is: 0.753591     
INFO       the 536th batch, loss is: 0.5085541    
INFO       the 537th batch, loss is: 0.15350193   
INFO       the 538th batch, loss is: 0.4347617    
INFO       the 539th batch, loss is: 0.5513835    
INFO       the 540th batch, loss is: 0.92217731   
INFO       the 541th batch, loss is: 0.36297226   
INFO       the 542th batch, loss is: 0.22087611   
INFO       the 543th batch, loss is: 0.28461066   
INFO Val  Accuracy :0.795
INFO Test Accuracy :0.778
INFO Epoch: 17
INFO       the 544th batch, loss is: 0.24519587   
INFO       the 545th batch, loss is: 0.24248034   
INFO       the 546th batch, loss is: 0.45145604   
INFO       the 547th batch, loss is: 0.55721641   
INFO       the 548th batch, loss is: 0.1872181    
INFO       the 549th batch, loss is: 0.28267238   
INFO       the 550th batch, loss is: 0.52777469   
INFO       the 551th batch, loss is: 0.60758078   
INFO       the 552th batch, loss is: 0.27329132   
INFO       the 553th batch, loss is: 0.34182319   
INFO       the 554th batch, loss is: 0.49569213   
INFO       the 555th batch, loss is: 0.47398242   
INFO       the 556th batch, loss is: 0.37372297   
INFO       the 557th batch, loss is: 0.44056997   
INFO       the 558th batch, loss is: 0.44731909   
INFO       the 559th batch, loss is: 0.190121     
INFO       the 560th batch, loss is: 0.30320567   
INFO       the 561th batch, loss is: 0.66133618   
INFO       the 562th batch, loss is: 0.44031554   
INFO       the 563th batch, loss is: 0.78261614   
INFO       the 564th batch, loss is: 0.37121543   
INFO       the 565th batch, loss is: 0.53356355   
INFO       the 566th batch, loss is: 0.34785786   
INFO       the 567th batch, loss is: 0.32183766   
INFO       the 568th batch, loss is: 0.37237972   
INFO       the 569th batch, loss is: 0.4783541    
INFO       the 570th batch, loss is: 0.42628038   
INFO       the 571th batch, loss is: 0.52201498   
INFO       the 572th batch, loss is: 0.50088048   
INFO       the 573th batch, loss is: 0.32178226   
INFO       the 574th batch, loss is: 0.48257604   
INFO       the 575th batch, loss is: 0.44630119   
INFO Val  Accuracy :0.794
INFO Test Accuracy :0.775
INFO Epoch: 18
INFO       the 576th batch, loss is: 0.36034554   
INFO       the 577th batch, loss is: 0.96396852   
INFO       the 578th batch, loss is: 0.64810294   
INFO       the 579th batch, loss is: 0.50216669   
INFO       the 580th batch, loss is: 0.4197363    
INFO       the 581th batch, loss is: 0.49250531   
INFO       the 582th batch, loss is: 0.21625035   
INFO       the 583th batch, loss is: 0.7923311    
INFO       the 584th batch, loss is: 0.63016397   
INFO       the 585th batch, loss is: 0.85439181   
INFO       the 586th batch, loss is: 0.44630525   
INFO       the 587th batch, loss is: 0.40905836   
INFO       the 588th batch, loss is: 0.62215841   
INFO       the 589th batch, loss is: 0.28461441   
INFO       the 590th batch, loss is: 0.26094171   
INFO       the 591th batch, loss is: 0.2136977    
INFO       the 592th batch, loss is: 0.52514344   
INFO       the 593th batch, loss is: 0.5117954    
INFO       the 594th batch, loss is: 0.35322493   
INFO       the 595th batch, loss is: 0.35215408   
INFO       the 596th batch, loss is: 0.24303487   
INFO       the 597th batch, loss is: 0.51381695   
INFO       the 598th batch, loss is: 0.53560132   
INFO       the 599th batch, loss is: 0.4900282    
INFO       the 600th batch, loss is: 0.29728323   
INFO       the 601th batch, loss is: 0.52613264   
INFO       the 602th batch, loss is: 0.42198622   
INFO       the 603th batch, loss is: 0.88143772   
INFO       the 604th batch, loss is: 0.47511831   
INFO       the 605th batch, loss is: 0.47748464   
INFO       the 606th batch, loss is: 0.64035547   
INFO       the 607th batch, loss is: 0.41195163   
INFO Val  Accuracy :0.791
INFO Test Accuracy :0.777
INFO Epoch: 19
INFO       the 608th batch, loss is: 0.66022027   
INFO       the 609th batch, loss is: 0.483697     
INFO       the 610th batch, loss is: 0.22963803   
INFO       the 611th batch, loss is: 0.91666019   
INFO       the 612th batch, loss is: 0.3046627    
INFO       the 613th batch, loss is: 0.30135563   
INFO       the 614th batch, loss is: 0.57853568   
INFO       the 615th batch, loss is: 0.59493542   
INFO       the 616th batch, loss is: 0.7348727    
INFO       the 617th batch, loss is: 0.77153194   
INFO       the 618th batch, loss is: 0.26389992   
INFO       the 619th batch, loss is: 0.37252778   
INFO       the 620th batch, loss is: 0.48057598   
INFO       the 621th batch, loss is: 0.23850541   
INFO       the 622th batch, loss is: 0.17728364   
INFO       the 623th batch, loss is: 0.45570892   
INFO       the 624th batch, loss is: 0.71361947   
INFO       the 625th batch, loss is: 0.42500457   
INFO       the 626th batch, loss is: 0.5839799    
INFO       the 627th batch, loss is: 0.54242957   
INFO       the 628th batch, loss is: 0.33621109   
INFO       the 629th batch, loss is: 0.35022086   
INFO       the 630th batch, loss is: 0.65426439   
INFO       the 631th batch, loss is: 0.4646183    
INFO       the 632th batch, loss is: 0.52848881   
INFO       the 633th batch, loss is: 0.51408213   
INFO       the 634th batch, loss is: 0.34990075   
INFO       the 635th batch, loss is: 0.50613403   
INFO       the 636th batch, loss is: 0.31384152   
INFO       the 637th batch, loss is: 0.34157073   
INFO       the 638th batch, loss is: 0.51724637   
INFO       the 639th batch, loss is: 0.40438965   
INFO Val  Accuracy :0.795
INFO Test Accuracy :0.772
INFO Finished training.
